<?xml version="1.0" encoding="utf-8"?>
<TestRun id="cd4e0a0a-5836-450d-995c-8ca6d8bae64d" name="@Sudhirs-MacBook-Pro 2026-01-24 18:09:14" xmlns="http://microsoft.com/schemas/VisualStudio/TeamTest/2010">
  <Times creation="2026-01-24T18:09:14.0366270+05:30" queuing="2026-01-24T18:09:14.0366270+05:30" start="2026-01-24T18:09:13.7189570+05:30" finish="2026-01-24T18:09:14.0630190+05:30" />
  <TestSettings name="default" id="113f88fe-c75b-4a22-9ca9-63a650a837b3">
    <Deployment runDeploymentRoot="_Sudhirs-MacBook-Pro_2026-01-24_18_09_14" />
  </TestSettings>
  <Results>
    <UnitTestResult executionId="32b5ab06-69ae-4e7d-9d96-30d780e31bfa" testId="836960ab-5809-b00f-9712-008c18654529" testName="CourierService.Tests.Infrastructure.Offers.OfferServiceTests.AddOffer_AddsNewOfferToCollection" computerName="Sudhirs-MacBook-Pro" duration="00:00:00.0001923" startTime="2026-01-24T18:09:14.0188270+05:30" endTime="2026-01-24T18:09:14.0188270+05:30" testType="13cdc9d9-ddb5-4fa4-a97d-d965ccfc6d4b" outcome="Passed" testListId="8c84fa94-04c1-424b-9868-57a2d4851a1d" relativeResultsDirectory="32b5ab06-69ae-4e7d-9d96-30d780e31bfa" />
    <UnitTestResult executionId="b9e130f3-980b-4ef2-b4ca-10cd64901237" testId="bbe75d59-d1f2-f2de-d98c-41ac30de4ae1" testName="CourierService.Tests.Infrastructure.Parsers.InputParserTests.ParseDeliveryTimeInput_InvalidInput_ThrowsException(input: &quot;100 2 PKG1 50 30 OFR001 2 70&quot;)" computerName="Sudhirs-MacBook-Pro" duration="00:00:00.0051968" startTime="2026-01-24T18:09:14.0042010+05:30" endTime="2026-01-24T18:09:14.0042010+05:30" testType="13cdc9d9-ddb5-4fa4-a97d-d965ccfc6d4b" outcome="Passed" testListId="8c84fa94-04c1-424b-9868-57a2d4851a1d" relativeResultsDirectory="b9e130f3-980b-4ef2-b4ca-10cd64901237" />
    <UnitTestResult executionId="98d6cb6c-8329-4927-ac39-6795e0d35c29" testId="6c8e8576-f752-bc4c-cdd6-8e714514d0a3" testName="CourierService.Tests.Infrastructure.Offers.OfferServiceTests.IsValidOffer_ReturnsExpectedResult(offerCode: &quot;&quot;, distance: 100, weight: 100, expected: False)" computerName="Sudhirs-MacBook-Pro" duration="00:00:00.0000017" startTime="2026-01-24T18:09:14.0181940+05:30" endTime="2026-01-24T18:09:14.0181940+05:30" testType="13cdc9d9-ddb5-4fa4-a97d-d965ccfc6d4b" outcome="Passed" testListId="8c84fa94-04c1-424b-9868-57a2d4851a1d" relativeResultsDirectory="98d6cb6c-8329-4927-ac39-6795e0d35c29" />
    <UnitTestResult executionId="293515a5-3fa5-43fc-9141-22387d0aafee" testId="9d2e8765-e513-1680-3c8d-f0156de36063" testName="CourierService.Tests.Core.Services.PackageProcessorTests.ProcessPackagesWithDeliveryTime_DelegatesToTimeCalculator" computerName="Sudhirs-MacBook-Pro" duration="00:00:00.0042107" startTime="2026-01-24T18:09:14.0358980+05:30" endTime="2026-01-24T18:09:14.0358980+05:30" testType="13cdc9d9-ddb5-4fa4-a97d-d965ccfc6d4b" outcome="Passed" testListId="8c84fa94-04c1-424b-9868-57a2d4851a1d" relativeResultsDirectory="293515a5-3fa5-43fc-9141-22387d0aafee" />
    <UnitTestResult executionId="d3dd28b8-a930-4454-82b8-997fc2a65e30" testId="cb926cfd-53b4-0462-8b00-8e254b08f2ee" testName="CourierService.Tests.Core.Services.PackageProcessorTests.ProcessPackagesForDeliveryCost_ReturnsResultsForAllPackages" computerName="Sudhirs-MacBook-Pro" duration="00:00:00.0271369" startTime="2026-01-24T18:09:14.0316690+05:30" endTime="2026-01-24T18:09:14.0316690+05:30" testType="13cdc9d9-ddb5-4fa4-a97d-d965ccfc6d4b" outcome="Passed" testListId="8c84fa94-04c1-424b-9868-57a2d4851a1d" relativeResultsDirectory="d3dd28b8-a930-4454-82b8-997fc2a65e30" />
    <UnitTestResult executionId="0ce5a9e6-59d3-4581-8b1c-a4e0e2560de5" testId="01cacf69-689b-87c6-f783-e874badb37d1" testName="CourierService.Tests.Infrastructure.Offers.OfferServiceTests.CalculateDiscount_ReturnsExpectedAmount(offerCode: &quot;INVALID&quot;, distance: 100, weight: 100, deliveryCost: 1000, expectedDiscount: 0)" computerName="Sudhirs-MacBook-Pro" duration="00:00:00.0005105" startTime="2026-01-24T18:09:14.0185900+05:30" endTime="2026-01-24T18:09:14.0185900+05:30" testType="13cdc9d9-ddb5-4fa4-a97d-d965ccfc6d4b" outcome="Passed" testListId="8c84fa94-04c1-424b-9868-57a2d4851a1d" relativeResultsDirectory="0ce5a9e6-59d3-4581-8b1c-a4e0e2560de5" />
    <UnitTestResult executionId="ea8fffec-6f4f-4862-abb4-e4f62bf0603f" testId="28025eb2-b5a0-9e5e-b454-77e928d2b01b" testName="CourierService.Tests.Infrastructure.Offers.OfferServiceTests.IsValidOffer_ReturnsExpectedResult(offerCode: &quot;NA&quot;, distance: 100, weight: 120, expected: False)" computerName="Sudhirs-MacBook-Pro" duration="00:00:00.0000015" startTime="2026-01-24T18:09:14.0184740+05:30" endTime="2026-01-24T18:09:14.0184740+05:30" testType="13cdc9d9-ddb5-4fa4-a97d-d965ccfc6d4b" outcome="Passed" testListId="8c84fa94-04c1-424b-9868-57a2d4851a1d" relativeResultsDirectory="ea8fffec-6f4f-4862-abb4-e4f62bf0603f" />
    <UnitTestResult executionId="1b243967-4746-4bc5-a7a8-17945f16ba5d" testId="66a2537e-e618-e039-2fef-0282905e4044" testName="CourierService.Tests.Infrastructure.Offers.OfferServiceTests.IsValidOffer_ReturnsExpectedResult(offerCode: &quot;INVALID&quot;, distance: 100, weight: 100, expected: False)" computerName="Sudhirs-MacBook-Pro" duration="00:00:00.0000013" startTime="2026-01-24T18:09:14.0183020+05:30" endTime="2026-01-24T18:09:14.0183020+05:30" testType="13cdc9d9-ddb5-4fa4-a97d-d965ccfc6d4b" outcome="Passed" testListId="8c84fa94-04c1-424b-9868-57a2d4851a1d" relativeResultsDirectory="1b243967-4746-4bc5-a7a8-17945f16ba5d" />
    <UnitTestResult executionId="9cf1bb32-6503-4404-82f7-804ff408ee89" testId="73a22f7d-0198-9ad4-d390-6126e50f9a40" testName="CourierService.Tests.Infrastructure.Parsers.InputParserTests.ParseDeliveryCostInput_InvalidInput_ThrowsException(input: &quot;100 2 PKG1 5 5 OFR001&quot;)" computerName="Sudhirs-MacBook-Pro" duration="00:00:00.0000539" startTime="2026-01-24T18:09:14.0248140+05:30" endTime="2026-01-24T18:09:14.0248140+05:30" testType="13cdc9d9-ddb5-4fa4-a97d-d965ccfc6d4b" outcome="Passed" testListId="8c84fa94-04c1-424b-9868-57a2d4851a1d" relativeResultsDirectory="9cf1bb32-6503-4404-82f7-804ff408ee89" />
    <UnitTestResult executionId="6c0c1a3a-d5ff-46f2-bcf7-1b8d6eb79540" testId="7e8e7c4f-bd67-fbd6-e242-e256b3c24f77" testName="CourierService.Tests.Integration.CourierServiceIntegrationTests.OfferService_Integration_CalculatesCorrectDiscount(offerCode: &quot;OFR001&quot;, distance: 150, weight: 100, deliveryCost: 1850, expectedDiscount: 185)" computerName="Sudhirs-MacBook-Pro" duration="00:00:00.0000093" startTime="2026-01-24T18:09:14.0247860+05:30" endTime="2026-01-24T18:09:14.0247860+05:30" testType="13cdc9d9-ddb5-4fa4-a97d-d965ccfc6d4b" outcome="Passed" testListId="8c84fa94-04c1-424b-9868-57a2d4851a1d" relativeResultsDirectory="6c0c1a3a-d5ff-46f2-bcf7-1b8d6eb79540" />
    <UnitTestResult executionId="d72be2a1-6d58-440a-b31c-9796d88f6924" testId="8661fae1-ee67-167b-dd3a-08ec8de8104d" testName="CourierService.Tests.Infrastructure.Offers.OfferServiceTests.CalculateDiscount_RoundsToTwoDecimalPlaces" computerName="Sudhirs-MacBook-Pro" duration="00:00:00.0000544" startTime="2026-01-24T18:09:14.0188430+05:30" endTime="2026-01-24T18:09:14.0188430+05:30" testType="13cdc9d9-ddb5-4fa4-a97d-d965ccfc6d4b" outcome="Passed" testListId="8c84fa94-04c1-424b-9868-57a2d4851a1d" relativeResultsDirectory="d72be2a1-6d58-440a-b31c-9796d88f6924" />
    <UnitTestResult executionId="e614baaa-50cc-4b5b-88a4-b9c7bb3ab2ac" testId="12347842-f523-ef1b-f50a-d2d759c9031d" testName="CourierService.Tests.Core.Services.Delivery.DeliveryCostCalculatorTests.CalculateDeliveryCost_RoundsToTwoDecimalPlaces" computerName="Sudhirs-MacBook-Pro" duration="00:00:00.0005010" startTime="2026-01-24T18:09:14.0335870+05:30" endTime="2026-01-24T18:09:14.0335870+05:30" testType="13cdc9d9-ddb5-4fa4-a97d-d965ccfc6d4b" outcome="Passed" testListId="8c84fa94-04c1-424b-9868-57a2d4851a1d" relativeResultsDirectory="e614baaa-50cc-4b5b-88a4-b9c7bb3ab2ac" />
    <UnitTestResult executionId="eed4a878-a9ee-4c85-ae83-321d39271b93" testId="c25c9e56-b9a2-1499-6c06-b96ce5590e5f" testName="CourierService.Tests.Core.Services.Delivery.DeliveryCostCalculatorTests.CalculateDeliveryCost_ThrowsExceptionForNullPackage" computerName="Sudhirs-MacBook-Pro" duration="00:00:00.0004296" startTime="2026-01-24T18:09:14.0324830+05:30" endTime="2026-01-24T18:09:14.0324830+05:30" testType="13cdc9d9-ddb5-4fa4-a97d-d965ccfc6d4b" outcome="Failed" testListId="8c84fa94-04c1-424b-9868-57a2d4851a1d" relativeResultsDirectory="eed4a878-a9ee-4c85-ae83-321d39271b93">
      <Output>
        <ErrorInfo>
          <Message>Assert.Throws() Failure: Exception type was not an exact match
Expected: typeof(System.ArgumentNullException)
Actual:   typeof(System.NullReferenceException)
---- System.NullReferenceException : Object reference not set to an instance of an object.</Message>
          <StackTrace>   at CourierService.Tests.Core.Services.Delivery.DeliveryCostCalculatorTests.CalculateDeliveryCost_ThrowsExceptionForNullPackage() in /Users/sudhirkumar/Work/EverestCodingAssignment/EverestCodingAssignment/Tests/Core/Services/Delivery/DeliveryCostCalculatorTests.cs:line 105
   at System.Reflection.MethodBaseInvoker.InterpretedInvoke_Method(Object obj, IntPtr* args)
   at System.Reflection.MethodBaseInvoker.InvokeWithNoArgs(Object obj, BindingFlags invokeAttr)
----- Inner Stack Trace -----
   at CourierService.Core.Services.Delivery.DeliveryCostCalculator.CalculateDeliveryCost(Package package) in /Users/sudhirkumar/Work/EverestCodingAssignment/EverestCodingAssignment/CourierService/Core/Services/Delivery/DeliveryCostCalculator.cs:line 18
   at CourierService.Tests.Core.Services.Delivery.DeliveryCostCalculatorTests.&lt;CalculateDeliveryCost_ThrowsExceptionForNullPackage&gt;b__6_0() in /Users/sudhirkumar/Work/EverestCodingAssignment/EverestCodingAssignment/Tests/Core/Services/Delivery/DeliveryCostCalculatorTests.cs:line 105</StackTrace>
        </ErrorInfo>
      </Output>
    </UnitTestResult>
    <UnitTestResult executionId="35542743-2523-40bd-8734-32d014d9c7f7" testId="79f4fab0-d973-9a54-dd0c-95afafbb045a" testName="CourierService.Tests.Infrastructure.Parsers.InputParserTests.ParseDeliveryCostInput_InvalidInput_ThrowsException(input: &quot;100 3 PKG1 5 5&quot;)" computerName="Sudhirs-MacBook-Pro" duration="00:00:00.0002385" startTime="2026-01-24T18:09:14.0248010+05:30" endTime="2026-01-24T18:09:14.0248010+05:30" testType="13cdc9d9-ddb5-4fa4-a97d-d965ccfc6d4b" outcome="Passed" testListId="8c84fa94-04c1-424b-9868-57a2d4851a1d" relativeResultsDirectory="35542743-2523-40bd-8734-32d014d9c7f7" />
    <UnitTestResult executionId="84fe98c3-ad3a-4996-b2c8-3bb230e48067" testId="e9558655-1d91-425f-0131-c54127016951" testName="CourierService.Tests.Core.Services.PackageProcessorTests.ProcessPackagesForDeliveryCost_EmptyList_ReturnsEmptyResults" computerName="Sudhirs-MacBook-Pro" duration="00:00:00.0006679" startTime="2026-01-24T18:09:14.0378210+05:30" endTime="2026-01-24T18:09:14.0378210+05:30" testType="13cdc9d9-ddb5-4fa4-a97d-d965ccfc6d4b" outcome="Passed" testListId="8c84fa94-04c1-424b-9868-57a2d4851a1d" relativeResultsDirectory="84fe98c3-ad3a-4996-b2c8-3bb230e48067" />
    <UnitTestResult executionId="d79d76ff-32ed-4fb3-bef3-bb66d40384b6" testId="8d1eec20-a990-c008-e1c7-864ba82ac434" testName="CourierService.Tests.Infrastructure.Offers.OfferServiceTests.IsValidOffer_ReturnsExpectedResult(offerCode: &quot;OFR002&quot;, distance: 50, weight: 100, expected: True)" computerName="Sudhirs-MacBook-Pro" duration="00:00:00.0000032" startTime="2026-01-24T18:09:14.0185270+05:30" endTime="2026-01-24T18:09:14.0185270+05:30" testType="13cdc9d9-ddb5-4fa4-a97d-d965ccfc6d4b" outcome="Passed" testListId="8c84fa94-04c1-424b-9868-57a2d4851a1d" relativeResultsDirectory="d79d76ff-32ed-4fb3-bef3-bb66d40384b6" />
    <UnitTestResult executionId="0ef72cf9-4965-48bf-8224-a65fb72e9e76" testId="6a34fd55-56db-325f-5870-4187aba659a4" testName="CourierService.Tests.Integration.CourierServiceIntegrationTests.OfferService_Integration_CalculatesCorrectDiscount(offerCode: &quot;OFR002&quot;, distance: 100, weight: 150, deliveryCost: 2100, expectedDiscount: 147)" computerName="Sudhirs-MacBook-Pro" duration="00:00:00.0000127" startTime="2026-01-24T18:09:14.0247740+05:30" endTime="2026-01-24T18:09:14.0247740+05:30" testType="13cdc9d9-ddb5-4fa4-a97d-d965ccfc6d4b" outcome="Passed" testListId="8c84fa94-04c1-424b-9868-57a2d4851a1d" relativeResultsDirectory="0ef72cf9-4965-48bf-8224-a65fb72e9e76" />
    <UnitTestResult executionId="3eff1cd1-3478-4363-81d4-177cb1351282" testId="c0e8b6bf-1219-d1ea-4a87-b16fc6bfd7e3" testName="CourierService.Tests.Infrastructure.Offers.OfferServiceTests.IsValidOffer_ReturnsExpectedResult(offerCode: &quot;OFR002&quot;, distance: 100, weight: 90, expected: False)" computerName="Sudhirs-MacBook-Pro" duration="00:00:00.0000017" startTime="2026-01-24T18:09:14.0182120+05:30" endTime="2026-01-24T18:09:14.0182120+05:30" testType="13cdc9d9-ddb5-4fa4-a97d-d965ccfc6d4b" outcome="Passed" testListId="8c84fa94-04c1-424b-9868-57a2d4851a1d" relativeResultsDirectory="3eff1cd1-3478-4363-81d4-177cb1351282" />
    <UnitTestResult executionId="3a2e71dd-3fb0-4bc3-a266-9ec918abd771" testId="7be5fc82-4125-4cd1-cbaa-052f231baa0b" testName="CourierService.Tests.Infrastructure.Offers.OfferServiceTests.IsValidOffer_ReturnsExpectedResult(offerCode: &quot;OFR003&quot;, distance: 100, weight: 50, expected: True)" computerName="Sudhirs-MacBook-Pro" duration="00:00:00.0000014" startTime="2026-01-24T18:09:14.0184890+05:30" endTime="2026-01-24T18:09:14.0184890+05:30" testType="13cdc9d9-ddb5-4fa4-a97d-d965ccfc6d4b" outcome="Passed" testListId="8c84fa94-04c1-424b-9868-57a2d4851a1d" relativeResultsDirectory="3a2e71dd-3fb0-4bc3-a266-9ec918abd771" />
    <UnitTestResult executionId="08f3b2b5-49cc-466d-a823-228932a92d6a" testId="73927546-11f9-a4ae-f6dc-a21bbbb0df2a" testName="CourierService.Tests.Infrastructure.Offers.OfferServiceTests.CalculateDiscount_ReturnsExpectedAmount(offerCode: &quot;OFFR002&quot;, distance: 60, weight: 110, deliveryCost: 1500, expectedDiscount: 105)" computerName="Sudhirs-MacBook-Pro" duration="00:00:00.0000023" startTime="2026-01-24T18:09:14.0187930+05:30" endTime="2026-01-24T18:09:14.0187930+05:30" testType="13cdc9d9-ddb5-4fa4-a97d-d965ccfc6d4b" outcome="Passed" testListId="8c84fa94-04c1-424b-9868-57a2d4851a1d" relativeResultsDirectory="08f3b2b5-49cc-466d-a823-228932a92d6a" />
    <UnitTestResult executionId="b95bb200-afff-4c5a-8cf1-5e2c9ae6d29a" testId="f7b5c4af-b631-4eff-441f-3b5391b755ca" testName="CourierService.Tests.Core.Models.OfferTests.Offer_Constructor_SetsProperties" computerName="Sudhirs-MacBook-Pro" duration="00:00:00.0004065" startTime="2026-01-24T18:09:14.0188540+05:30" endTime="2026-01-24T18:09:14.0188550+05:30" testType="13cdc9d9-ddb5-4fa4-a97d-d965ccfc6d4b" outcome="Passed" testListId="8c84fa94-04c1-424b-9868-57a2d4851a1d" relativeResultsDirectory="b95bb200-afff-4c5a-8cf1-5e2c9ae6d29a" />
    <UnitTestResult executionId="112731cc-5ef5-44c2-81f6-b32ff4e93ae0" testId="1584547c-f32a-f367-029c-11f6f5cfed84" testName="CourierService.Tests.Infrastructure.Offers.OfferServiceTests.IsValidOffer_ReturnsExpectedResult(offerCode: null, distance: 100, weight: 100, expected: False)" computerName="Sudhirs-MacBook-Pro" duration="00:00:00.0000019" startTime="2026-01-24T18:09:14.0176600+05:30" endTime="2026-01-24T18:09:14.0176600+05:30" testType="13cdc9d9-ddb5-4fa4-a97d-d965ccfc6d4b" outcome="Passed" testListId="8c84fa94-04c1-424b-9868-57a2d4851a1d" relativeResultsDirectory="112731cc-5ef5-44c2-81f6-b32ff4e93ae0" />
    <UnitTestResult executionId="5d68e665-40f0-4984-8cc8-ea82e25aa4aa" testId="d69d3d28-21e5-2bec-fb4f-5938094ef0fc" testName="CourierService.Tests.Infrastructure.Offers.OfferServiceTests.IsValidOffer_ReturnsExpectedResult(offerCode: &quot;OFR003&quot;, distance: 250, weight: 150, expected: True)" computerName="Sudhirs-MacBook-Pro" duration="00:00:00.0000086" startTime="2026-01-24T18:09:14.0176330+05:30" endTime="2026-01-24T18:09:14.0176330+05:30" testType="13cdc9d9-ddb5-4fa4-a97d-d965ccfc6d4b" outcome="Passed" testListId="8c84fa94-04c1-424b-9868-57a2d4851a1d" relativeResultsDirectory="5d68e665-40f0-4984-8cc8-ea82e25aa4aa" />
    <UnitTestResult executionId="1e989ab1-9a2c-4769-a57a-6357835537fe" testId="ab60cf85-12f6-20bc-efc0-1e3dcbd628a9" testName="CourierService.Tests.Core.Services.PackageProcessorTests.ProcessPackagesWithDeliveryTime_EmptyList_ReturnsEmptyResults" computerName="Sudhirs-MacBook-Pro" duration="00:00:00.0011291" startTime="2026-01-24T18:09:14.0372690+05:30" endTime="2026-01-24T18:09:14.0372690+05:30" testType="13cdc9d9-ddb5-4fa4-a97d-d965ccfc6d4b" outcome="Failed" testListId="8c84fa94-04c1-424b-9868-57a2d4851a1d" relativeResultsDirectory="1e989ab1-9a2c-4769-a57a-6357835537fe">
      <Output>
        <ErrorInfo>
          <Message>System.ArgumentNullException : Value cannot be null. (Parameter 'collection')</Message>
          <StackTrace>   at CourierService.Tests.Core.Services.PackageProcessorTests.ProcessPackagesWithDeliveryTime_EmptyList_ReturnsEmptyResults() in /Users/sudhirkumar/Work/EverestCodingAssignment/EverestCodingAssignment/Tests/Core/Services/PackageProcessorTests.cs:line 110
   at System.Reflection.MethodBaseInvoker.InterpretedInvoke_Method(Object obj, IntPtr* args)
   at System.Reflection.MethodBaseInvoker.InvokeWithNoArgs(Object obj, BindingFlags invokeAttr)</StackTrace>
        </ErrorInfo>
      </Output>
    </UnitTestResult>
    <UnitTestResult executionId="1099e9aa-56bd-44e6-8e98-9274d6afc715" testId="7667a18e-8b6c-abed-05fe-9ae4e2f46e1d" testName="CourierService.Tests.Integration.CourierServiceIntegrationTests.OfferService_Integration_CalculatesCorrectDiscount(offerCode: &quot;OFR001&quot;, distance: 250, weight: 100, deliveryCost: 2100, expectedDiscount: 0)" computerName="Sudhirs-MacBook-Pro" duration="00:00:00.0002642" startTime="2026-01-24T18:09:14.0247590+05:30" endTime="2026-01-24T18:09:14.0247590+05:30" testType="13cdc9d9-ddb5-4fa4-a97d-d965ccfc6d4b" outcome="Passed" testListId="8c84fa94-04c1-424b-9868-57a2d4851a1d" relativeResultsDirectory="1099e9aa-56bd-44e6-8e98-9274d6afc715" />
    <UnitTestResult executionId="d68e6030-cbc4-4adb-83a1-d261f0f17413" testId="29f0fd2c-71fc-e407-dfea-d0f6c0162b38" testName="CourierService.Tests.Infrastructure.Offers.OfferServiceTests.CalculateDiscount_ReturnsExpectedAmount(offerCode: &quot;OFR001&quot;, distance: 250, weight: 100, deliveryCost: 2100, expectedDiscount: 0)" computerName="Sudhirs-MacBook-Pro" duration="00:00:00.0000048" startTime="2026-01-24T18:09:14.0187640+05:30" endTime="2026-01-24T18:09:14.0187640+05:30" testType="13cdc9d9-ddb5-4fa4-a97d-d965ccfc6d4b" outcome="Passed" testListId="8c84fa94-04c1-424b-9868-57a2d4851a1d" relativeResultsDirectory="d68e6030-cbc4-4adb-83a1-d261f0f17413" />
    <UnitTestResult executionId="932bbc9c-2257-46e4-9bff-072f02294ef3" testId="4ca8a1ff-7e3d-2a1c-e933-119755ec5dfd" testName="CourierService.Tests.Infrastructure.Offers.OfferServiceTests.CalculateDiscount_ReturnsExpectedAmount(offerCode: &quot;OFR003&quot;, distance: 100, weight: 100, deliveryCost: 1600, expectedDiscount: 80)" computerName="Sudhirs-MacBook-Pro" duration="00:00:00.0000090" startTime="2026-01-24T18:09:14.0186060+05:30" endTime="2026-01-24T18:09:14.0186060+05:30" testType="13cdc9d9-ddb5-4fa4-a97d-d965ccfc6d4b" outcome="Passed" testListId="8c84fa94-04c1-424b-9868-57a2d4851a1d" relativeResultsDirectory="932bbc9c-2257-46e4-9bff-072f02294ef3" />
    <UnitTestResult executionId="636066e7-ca30-4802-a054-24b60c60b38a" testId="2035af78-20ce-1aa1-0886-877e7cfc33e8" testName="CourierService.Tests.Infrastructure.Parsers.InputParserTests.ParseDeliveryTimeInput_HandlesExtraSpaces" computerName="Sudhirs-MacBook-Pro" duration="00:00:00.0012058" startTime="2026-01-24T18:09:14.0250350+05:30" endTime="2026-01-24T18:09:14.0250360+05:30" testType="13cdc9d9-ddb5-4fa4-a97d-d965ccfc6d4b" outcome="Passed" testListId="8c84fa94-04c1-424b-9868-57a2d4851a1d" relativeResultsDirectory="636066e7-ca30-4802-a054-24b60c60b38a" />
    <UnitTestResult executionId="c66e9ebd-c1a0-4c10-a0f7-52e8c96e6b40" testId="b133ff53-1e9a-d884-d0a6-6827e23c5eff" testName="CourierService.Tests.Infrastructure.Parsers.InputParserTests.ParseDeliveryCostInput_HandlesDecimalValues" computerName="Sudhirs-MacBook-Pro" duration="00:00:00.0000846" startTime="2026-01-24T18:09:14.0254110+05:30" endTime="2026-01-24T18:09:14.0254110+05:30" testType="13cdc9d9-ddb5-4fa4-a97d-d965ccfc6d4b" outcome="Passed" testListId="8c84fa94-04c1-424b-9868-57a2d4851a1d" relativeResultsDirectory="c66e9ebd-c1a0-4c10-a0f7-52e8c96e6b40" />
    <UnitTestResult executionId="781105d7-5560-4d13-be57-664eb265f3a3" testId="78ec343d-72ef-b483-2733-fef80fa5d534" testName="CourierService.Tests.Infrastructure.Offers.OfferServiceTests.IsValidOffer_ReturnsExpectedResult(offerCode: &quot;OFR003&quot;, distance: 100, weight: 9, expected: False)" computerName="Sudhirs-MacBook-Pro" duration="00:00:00.0000032" startTime="2026-01-24T18:09:14.0182250+05:30" endTime="2026-01-24T18:09:14.0182250+05:30" testType="13cdc9d9-ddb5-4fa4-a97d-d965ccfc6d4b" outcome="Passed" testListId="8c84fa94-04c1-424b-9868-57a2d4851a1d" relativeResultsDirectory="781105d7-5560-4d13-be57-664eb265f3a3" />
    <UnitTestResult executionId="a0270359-aa17-4cec-833f-41dd865cde0a" testId="d2842dff-d71f-5ff5-dcf4-6f3ac6e9045e" testName="CourierService.Tests.Core.Services.Delivery.DeliveryCostCalculatorTests.CalculateDeliveryCost_ReturnsCorrectCostWithoutDiscount" computerName="Sudhirs-MacBook-Pro" duration="00:00:00.0007873" startTime="2026-01-24T18:09:14.0330670+05:30" endTime="2026-01-24T18:09:14.0330670+05:30" testType="13cdc9d9-ddb5-4fa4-a97d-d965ccfc6d4b" outcome="Passed" testListId="8c84fa94-04c1-424b-9868-57a2d4851a1d" relativeResultsDirectory="a0270359-aa17-4cec-833f-41dd865cde0a" />
    <UnitTestResult executionId="5d594a07-c801-4fc3-ab2c-44c98a4140b2" testId="c42be582-380a-fa31-d8b7-450a713a29c4" testName="CourierService.Tests.Infrastructure.Parsers.InputParserTests.ParseDeliveryTimeInput_FullExampleFromPDF" computerName="Sudhirs-MacBook-Pro" duration="00:00:00.0001339" startTime="2026-01-24T18:09:14.0250500+05:30" endTime="2026-01-24T18:09:14.0250500+05:30" testType="13cdc9d9-ddb5-4fa4-a97d-d965ccfc6d4b" outcome="Passed" testListId="8c84fa94-04c1-424b-9868-57a2d4851a1d" relativeResultsDirectory="5d594a07-c801-4fc3-ab2c-44c98a4140b2" />
    <UnitTestResult executionId="316736a6-92bc-45b3-acfe-64b15ef355ef" testId="e73d7f81-ede5-0486-c1fe-6362c3d78150" testName="CourierService.Tests.Infrastructure.Offers.OfferServiceTests.IsValidOffer_ReturnsExpectedResult(offerCode: &quot;OFR001&quot;, distance: 150, weight: 250, expected: False)" computerName="Sudhirs-MacBook-Pro" duration="00:00:00.0000031" startTime="2026-01-24T18:09:14.0176480+05:30" endTime="2026-01-24T18:09:14.0176480+05:30" testType="13cdc9d9-ddb5-4fa4-a97d-d965ccfc6d4b" outcome="Passed" testListId="8c84fa94-04c1-424b-9868-57a2d4851a1d" relativeResultsDirectory="316736a6-92bc-45b3-acfe-64b15ef355ef" />
    <UnitTestResult executionId="ad5febfe-12e3-4ab2-92d4-d5eccd3d2afa" testId="f4717b04-3842-5b95-54a0-034796679f30" testName="CourierService.Tests.Integration.CourierServiceIntegrationTests.FullPipeline_DeliveryCostOnly_ReturnsCorrectResults" computerName="Sudhirs-MacBook-Pro" duration="00:00:00.0015575" startTime="2026-01-24T18:09:14.0253710+05:30" endTime="2026-01-24T18:09:14.0253710+05:30" testType="13cdc9d9-ddb5-4fa4-a97d-d965ccfc6d4b" outcome="Failed" testListId="8c84fa94-04c1-424b-9868-57a2d4851a1d" relativeResultsDirectory="ad5febfe-12e3-4ab2-92d4-d5eccd3d2afa">
      <Output>
        <ErrorInfo>
          <Message>System.InvalidOperationException : Unable to resolve service for type 'CourierService.Core.Services.Delivery.IDeliveryTimeCalculator' while attempting to activate 'CourierService.Core.Services.PackageProcessor'.</Message>
          <StackTrace>   at Microsoft.Extensions.DependencyInjection.ServiceLookup.CallSiteFactory.CreateArgumentCallSites(ServiceIdentifier serviceIdentifier, Type implementationType, CallSiteChain callSiteChain, ParameterInfo[] parameters, Boolean throwIfCallSiteNotFound)
   at Microsoft.Extensions.DependencyInjection.ServiceLookup.CallSiteFactory.CreateConstructorCallSite(ResultCache lifetime, ServiceIdentifier serviceIdentifier, Type implementationType, CallSiteChain callSiteChain)
   at Microsoft.Extensions.DependencyInjection.ServiceLookup.CallSiteFactory.CreateExact(ServiceDescriptor descriptor, ServiceIdentifier serviceIdentifier, CallSiteChain callSiteChain, Int32 slot)
   at Microsoft.Extensions.DependencyInjection.ServiceLookup.CallSiteFactory.TryCreateExact(ServiceDescriptor descriptor, ServiceIdentifier serviceIdentifier, CallSiteChain callSiteChain, Int32 slot)
   at Microsoft.Extensions.DependencyInjection.ServiceLookup.CallSiteFactory.TryCreateExact(ServiceIdentifier serviceIdentifier, CallSiteChain callSiteChain)
   at Microsoft.Extensions.DependencyInjection.ServiceLookup.CallSiteFactory.CreateCallSite(ServiceIdentifier serviceIdentifier, CallSiteChain callSiteChain)
   at Microsoft.Extensions.DependencyInjection.ServiceLookup.CallSiteFactory.GetCallSite(ServiceIdentifier serviceIdentifier, CallSiteChain callSiteChain)
   at Microsoft.Extensions.DependencyInjection.ServiceProvider.CreateServiceAccessor(ServiceIdentifier serviceIdentifier)
   at System.Collections.Concurrent.ConcurrentDictionary`2.GetOrAdd(TKey key, Func`2 valueFactory)
   at Microsoft.Extensions.DependencyInjection.ServiceProvider.GetService(ServiceIdentifier serviceIdentifier, ServiceProviderEngineScope serviceProviderEngineScope)
   at Microsoft.Extensions.DependencyInjection.ServiceProvider.GetService(Type serviceType)
   at Microsoft.Extensions.DependencyInjection.ServiceProviderServiceExtensions.GetService[T](IServiceProvider provider)
   at CourierService.Tests.Integration.CourierServiceIntegrationTests.FullPipeline_DeliveryCostOnly_ReturnsCorrectResults() in /Users/sudhirkumar/Work/EverestCodingAssignment/EverestCodingAssignment/Tests/Integration/CourierServiceIntegrationTests.cs:line 30
   at System.Reflection.MethodBaseInvoker.InterpretedInvoke_Method(Object obj, IntPtr* args)
   at System.Reflection.MethodBaseInvoker.InvokeWithNoArgs(Object obj, BindingFlags invokeAttr)</StackTrace>
        </ErrorInfo>
      </Output>
    </UnitTestResult>
    <UnitTestResult executionId="667d3a49-579a-4a6e-8f47-778968baa6ad" testId="510291e9-41e8-b6f1-7337-30ef38e6d145" testName="CourierService.Tests.Integration.CourierServiceIntegrationTests.OfferService_Integration_CalculatesCorrectDiscount(offerCode: &quot;OFR003&quot;, distance: 100, weight: 100, deliveryCost: 1600, expectedDiscount: 80)" computerName="Sudhirs-MacBook-Pro" duration="00:00:00.0130750" startTime="2026-01-24T18:09:14.0188650+05:30" endTime="2026-01-24T18:09:14.0188650+05:30" testType="13cdc9d9-ddb5-4fa4-a97d-d965ccfc6d4b" outcome="Passed" testListId="8c84fa94-04c1-424b-9868-57a2d4851a1d" relativeResultsDirectory="667d3a49-579a-4a6e-8f47-778968baa6ad" />
    <UnitTestResult executionId="a5be7d5d-d817-4f44-badc-0d27b2d4b02c" testId="b81b7fdc-1e3d-3e7c-69ac-86a77ee8d4cd" testName="CourierService.Tests.Infrastructure.Offers.OfferServiceTests.IsValidOffer_ReturnsExpectedResult(offerCode: &quot;OFR001&quot;, distance: 150, weight: 100, expected: True)" computerName="Sudhirs-MacBook-Pro" duration="00:00:00.0083002" startTime="2026-01-24T18:09:14.0176070+05:30" endTime="2026-01-24T18:09:14.0176070+05:30" testType="13cdc9d9-ddb5-4fa4-a97d-d965ccfc6d4b" outcome="Passed" testListId="8c84fa94-04c1-424b-9868-57a2d4851a1d" relativeResultsDirectory="a5be7d5d-d817-4f44-badc-0d27b2d4b02c" />
    <UnitTestResult executionId="f91e866a-cc62-4c5f-ac4f-5fba5ba2ed10" testId="b2e9a9c1-0e65-e32f-15b2-b0d30298dac8" testName="CourierService.Tests.Infrastructure.Offers.OfferServiceTests.IsValidOffer_ReturnsExpectedResult(offerCode: &quot;OFFR08&quot;, distance: 100, weight: 120, expected: False)" computerName="Sudhirs-MacBook-Pro" duration="00:00:00.0000017" startTime="2026-01-24T18:09:14.0182640+05:30" endTime="2026-01-24T18:09:14.0182650+05:30" testType="13cdc9d9-ddb5-4fa4-a97d-d965ccfc6d4b" outcome="Passed" testListId="8c84fa94-04c1-424b-9868-57a2d4851a1d" relativeResultsDirectory="f91e866a-cc62-4c5f-ac4f-5fba5ba2ed10" />
    <UnitTestResult executionId="02acb3a3-5ae0-4f2d-bea3-d7efa07b5677" testId="8c4732e1-a155-c002-d7d1-252072bb151b" testName="CourierService.Tests.Infrastructure.Offers.OfferServiceTests.CalculateDiscount_ReturnsExpectedAmount(offerCode: &quot;OFR002&quot;, distance: 100, weight: 150, deliveryCost: 2100, expectedDiscount: 147)" computerName="Sudhirs-MacBook-Pro" duration="00:00:00.0003057" startTime="2026-01-24T18:09:14.0185570+05:30" endTime="2026-01-24T18:09:14.0185570+05:30" testType="13cdc9d9-ddb5-4fa4-a97d-d965ccfc6d4b" outcome="Passed" testListId="8c84fa94-04c1-424b-9868-57a2d4851a1d" relativeResultsDirectory="02acb3a3-5ae0-4f2d-bea3-d7efa07b5677" />
    <UnitTestResult executionId="5f427825-87c2-467f-89d6-105aeca912e5" testId="f8cad89d-8df9-053a-8b2b-9b1950f3e6f2" testName="CourierService.Tests.Infrastructure.Offers.OfferServiceTests.IsValidOffer_ReturnsExpectedResult(offerCode: &quot;OFR001&quot;, distance: 200, weight: 100, expected: False)" computerName="Sudhirs-MacBook-Pro" duration="00:00:00.0000017" startTime="2026-01-24T18:09:14.0182900+05:30" endTime="2026-01-24T18:09:14.0182900+05:30" testType="13cdc9d9-ddb5-4fa4-a97d-d965ccfc6d4b" outcome="Passed" testListId="8c84fa94-04c1-424b-9868-57a2d4851a1d" relativeResultsDirectory="5f427825-87c2-467f-89d6-105aeca912e5" />
    <UnitTestResult executionId="1b4a885f-611c-4526-a796-de0ad70df7a0" testId="ed8b879e-308d-97a0-7d6e-aae58bbc8120" testName="CourierService.Tests.Infrastructure.Offers.OfferServiceTests.IsValidOffer_ReturnsExpectedResult(offerCode: &quot;OFR001&quot;, distance: 199, weight: 70, expected: True)" computerName="Sudhirs-MacBook-Pro" duration="00:00:00.0000036" startTime="2026-01-24T18:09:14.0182520+05:30" endTime="2026-01-24T18:09:14.0182520+05:30" testType="13cdc9d9-ddb5-4fa4-a97d-d965ccfc6d4b" outcome="Passed" testListId="8c84fa94-04c1-424b-9868-57a2d4851a1d" relativeResultsDirectory="1b4a885f-611c-4526-a796-de0ad70df7a0" />
    <UnitTestResult executionId="c650f173-2edf-4610-80f6-3521fcba2ef1" testId="22e583be-938f-2b5c-ab9c-d302fc77fb35" testName="CourierService.Tests.Infrastructure.Parsers.InputParserTests.ParseDeliveryTimeInput_InvalidInput_ThrowsException(input: &quot;100 5 PKG1 50 30&quot;)" computerName="Sudhirs-MacBook-Pro" duration="00:00:00.0001294" startTime="2026-01-24T18:09:14.0051540+05:30" endTime="2026-01-24T18:09:14.0051540+05:30" testType="13cdc9d9-ddb5-4fa4-a97d-d965ccfc6d4b" outcome="Passed" testListId="8c84fa94-04c1-424b-9868-57a2d4851a1d" relativeResultsDirectory="c650f173-2edf-4610-80f6-3521fcba2ef1" />
    <UnitTestResult executionId="5de74fba-90d5-4333-8be8-1bccb65ccaa4" testId="10ec3b42-1daa-8fd7-c4f8-06be9128d25e" testName="CourierService.Tests.Integration.CourierServiceIntegrationTests.FullPipeline_DeliveryCostWithDiscounts_ReturnsCorrectResults" computerName="Sudhirs-MacBook-Pro" duration="00:00:00.0003768" startTime="2026-01-24T18:09:14.0256970+05:30" endTime="2026-01-24T18:09:14.0256970+05:30" testType="13cdc9d9-ddb5-4fa4-a97d-d965ccfc6d4b" outcome="Failed" testListId="8c84fa94-04c1-424b-9868-57a2d4851a1d" relativeResultsDirectory="5de74fba-90d5-4333-8be8-1bccb65ccaa4">
      <Output>
        <ErrorInfo>
          <Message>System.InvalidOperationException : Unable to resolve service for type 'CourierService.Core.Services.Delivery.IDeliveryTimeCalculator' while attempting to activate 'CourierService.Core.Services.PackageProcessor'.</Message>
          <StackTrace>   at Microsoft.Extensions.DependencyInjection.ServiceLookup.CallSiteFactory.CreateArgumentCallSites(ServiceIdentifier serviceIdentifier, Type implementationType, CallSiteChain callSiteChain, ParameterInfo[] parameters, Boolean throwIfCallSiteNotFound)
   at Microsoft.Extensions.DependencyInjection.ServiceLookup.CallSiteFactory.CreateConstructorCallSite(ResultCache lifetime, ServiceIdentifier serviceIdentifier, Type implementationType, CallSiteChain callSiteChain)
   at Microsoft.Extensions.DependencyInjection.ServiceLookup.CallSiteFactory.CreateExact(ServiceDescriptor descriptor, ServiceIdentifier serviceIdentifier, CallSiteChain callSiteChain, Int32 slot)
   at Microsoft.Extensions.DependencyInjection.ServiceLookup.CallSiteFactory.TryCreateExact(ServiceDescriptor descriptor, ServiceIdentifier serviceIdentifier, CallSiteChain callSiteChain, Int32 slot)
   at Microsoft.Extensions.DependencyInjection.ServiceLookup.CallSiteFactory.TryCreateExact(ServiceIdentifier serviceIdentifier, CallSiteChain callSiteChain)
   at Microsoft.Extensions.DependencyInjection.ServiceLookup.CallSiteFactory.CreateCallSite(ServiceIdentifier serviceIdentifier, CallSiteChain callSiteChain)
   at Microsoft.Extensions.DependencyInjection.ServiceLookup.CallSiteFactory.GetCallSite(ServiceIdentifier serviceIdentifier, CallSiteChain callSiteChain)
   at Microsoft.Extensions.DependencyInjection.ServiceProvider.CreateServiceAccessor(ServiceIdentifier serviceIdentifier)
   at System.Collections.Concurrent.ConcurrentDictionary`2.GetOrAdd(TKey key, Func`2 valueFactory)
   at Microsoft.Extensions.DependencyInjection.ServiceProvider.GetService(ServiceIdentifier serviceIdentifier, ServiceProviderEngineScope serviceProviderEngineScope)
   at Microsoft.Extensions.DependencyInjection.ServiceProvider.GetService(Type serviceType)
   at Microsoft.Extensions.DependencyInjection.ServiceProviderServiceExtensions.GetService[T](IServiceProvider provider)
   at CourierService.Tests.Integration.CourierServiceIntegrationTests.FullPipeline_DeliveryCostWithDiscounts_ReturnsCorrectResults() in /Users/sudhirkumar/Work/EverestCodingAssignment/EverestCodingAssignment/Tests/Integration/CourierServiceIntegrationTests.cs:line 58
   at System.Reflection.MethodBaseInvoker.InterpretedInvoke_Method(Object obj, IntPtr* args)
   at System.Reflection.MethodBaseInvoker.InvokeWithNoArgs(Object obj, BindingFlags invokeAttr)</StackTrace>
        </ErrorInfo>
      </Output>
    </UnitTestResult>
    <UnitTestResult executionId="92bcc80d-360d-4c2f-80ad-07fd398b1989" testId="0a8b8626-6790-6512-4bb7-bc84c1f2950c" testName="CourierService.Tests.Core.Models.VehicleTests.Vehicle_CanCarry_ReturnsFalseWhenWeightExceeded" computerName="Sudhirs-MacBook-Pro" duration="00:00:00.0048447" startTime="2026-01-24T18:09:14.0025980+05:30" endTime="2026-01-24T18:09:14.0026070+05:30" testType="13cdc9d9-ddb5-4fa4-a97d-d965ccfc6d4b" outcome="Passed" testListId="8c84fa94-04c1-424b-9868-57a2d4851a1d" relativeResultsDirectory="92bcc80d-360d-4c2f-80ad-07fd398b1989" />
    <UnitTestResult executionId="6eed67ad-a3f4-433c-894f-c3c5704fb814" testId="6b320c50-eaa8-7bce-bfb2-fd11f2382eed" testName="CourierService.Tests.Infrastructure.Parsers.InputParserTests.ParseDeliveryCostInput_ValidInput_ReturnsPackages" computerName="Sudhirs-MacBook-Pro" duration="00:00:00.0002022" startTime="2026-01-24T18:09:14.0253940+05:30" endTime="2026-01-24T18:09:14.0253940+05:30" testType="13cdc9d9-ddb5-4fa4-a97d-d965ccfc6d4b" outcome="Passed" testListId="8c84fa94-04c1-424b-9868-57a2d4851a1d" relativeResultsDirectory="6eed67ad-a3f4-433c-894f-c3c5704fb814" />
    <UnitTestResult executionId="b2d0f70e-f8e4-4a58-a541-4814b07440b9" testId="c4c73cbc-bc55-2a8b-c825-c45f1cdea21f" testName="CourierService.Tests.Infrastructure.Offers.OfferServiceTests.IsValidOffer_ReturnsExpectedResult(offerCode: &quot;OFR002&quot;, distance: 100, weight: 150, expected: True)" computerName="Sudhirs-MacBook-Pro" duration="00:00:00.0000015" startTime="2026-01-24T18:09:14.0185130+05:30" endTime="2026-01-24T18:09:14.0185140+05:30" testType="13cdc9d9-ddb5-4fa4-a97d-d965ccfc6d4b" outcome="Passed" testListId="8c84fa94-04c1-424b-9868-57a2d4851a1d" relativeResultsDirectory="b2d0f70e-f8e4-4a58-a541-4814b07440b9" />
    <UnitTestResult executionId="aaf409a6-f9c1-49d6-b80b-4ab526b16917" testId="fda34c20-da32-cfae-a93e-4dc11179268a" testName="CourierService.Tests.Infrastructure.Parsers.InputParserTests.ParseDeliveryCostInput_InvalidInput_ThrowsException(input: &quot;100&quot;)" computerName="Sudhirs-MacBook-Pro" duration="00:00:00.0000069" startTime="2026-01-24T18:09:14.0248260+05:30" endTime="2026-01-24T18:09:14.0248260+05:30" testType="13cdc9d9-ddb5-4fa4-a97d-d965ccfc6d4b" outcome="Passed" testListId="8c84fa94-04c1-424b-9868-57a2d4851a1d" relativeResultsDirectory="aaf409a6-f9c1-49d6-b80b-4ab526b16917" />
    <UnitTestResult executionId="84dbd9c3-e2f5-44a3-8542-28f731bfe1ed" testId="24b5a81e-b3c7-3791-d772-8d715ba9fcc0" testName="CourierService.Tests.Infrastructure.Offers.OfferServiceTests.IsValidOffer_ReturnsExpectedResult(offerCode: &quot;OFR002&quot;, distance: 151, weight: 150, expected: False)" computerName="Sudhirs-MacBook-Pro" duration="00:00:00.0000032" startTime="2026-01-24T18:09:14.0182770+05:30" endTime="2026-01-24T18:09:14.0182770+05:30" testType="13cdc9d9-ddb5-4fa4-a97d-d965ccfc6d4b" outcome="Passed" testListId="8c84fa94-04c1-424b-9868-57a2d4851a1d" relativeResultsDirectory="84dbd9c3-e2f5-44a3-8542-28f731bfe1ed" />
    <UnitTestResult executionId="3fd7651c-a79a-45d1-b012-7dde4513393d" testId="62126227-e549-3936-3f00-2665d020fc2f" testName="CourierService.Tests.Infrastructure.Parsers.InputParserTests.ParseDeliveryTimeInput_ValidInput_ReturnsAllData" computerName="Sudhirs-MacBook-Pro" duration="00:00:00.0002512" startTime="2026-01-24T18:09:14.0254260+05:30" endTime="2026-01-24T18:09:14.0254260+05:30" testType="13cdc9d9-ddb5-4fa4-a97d-d965ccfc6d4b" outcome="Passed" testListId="8c84fa94-04c1-424b-9868-57a2d4851a1d" relativeResultsDirectory="3fd7651c-a79a-45d1-b012-7dde4513393d" />
    <UnitTestResult executionId="0a56d56d-1bc4-4f02-a308-9593a2db69c2" testId="e0ab1f2f-02f4-8b0a-0638-a2582e3282f3" testName="CourierService.Tests.Core.Services.Delivery.DeliveryCostCalculatorTests.CalculateDeliveryCost_ReturnsCorrectCostWithDiscount" computerName="Sudhirs-MacBook-Pro" duration="00:00:00.0368789" startTime="2026-01-24T18:09:14.0316840+05:30" endTime="2026-01-24T18:09:14.0316840+05:30" testType="13cdc9d9-ddb5-4fa4-a97d-d965ccfc6d4b" outcome="Passed" testListId="8c84fa94-04c1-424b-9868-57a2d4851a1d" relativeResultsDirectory="0a56d56d-1bc4-4f02-a308-9593a2db69c2" />
    <UnitTestResult executionId="ca05c871-7c1f-4ac7-a2da-43e11baecd9b" testId="8fde8a46-0494-9e78-95d9-18fa69ebd879" testName="CourierService.Tests.Infrastructure.Parsers.InputParserTests.ParseDeliveryTimeInput_InvalidInput_ThrowsException(input: &quot;100 3 PKG1 5 5 OFR001 PKG2 15 5 2 70 200&quot;)" computerName="Sudhirs-MacBook-Pro" duration="00:00:00.0000103" startTime="2026-01-24T18:09:14.0174920+05:30" endTime="2026-01-24T18:09:14.0174920+05:30" testType="13cdc9d9-ddb5-4fa4-a97d-d965ccfc6d4b" outcome="Passed" testListId="8c84fa94-04c1-424b-9868-57a2d4851a1d" relativeResultsDirectory="ca05c871-7c1f-4ac7-a2da-43e11baecd9b" />
    <UnitTestResult executionId="26770928-4381-4e07-9ebf-7ec57fbc96bb" testId="ff921944-9d3b-c159-5f16-9dde759e83ad" testName="CourierService.Tests.Core.Models.VehicleTests.Vehicle_CanCarry_ReturnsTrueWhenWeightAvailable" computerName="Sudhirs-MacBook-Pro" duration="00:00:00.0001744" startTime="2026-01-24T18:09:14.0051630+05:30" endTime="2026-01-24T18:09:14.0051630+05:30" testType="13cdc9d9-ddb5-4fa4-a97d-d965ccfc6d4b" outcome="Passed" testListId="8c84fa94-04c1-424b-9868-57a2d4851a1d" relativeResultsDirectory="26770928-4381-4e07-9ebf-7ec57fbc96bb" />
    <UnitTestResult executionId="89010624-5551-42f6-8736-acdf2dc23637" testId="f2ddd3fa-4d40-8839-5632-409158772b91" testName="CourierService.Tests.Infrastructure.Offers.OfferServiceTests.IsValidOffer_ReturnsExpectedResult(offerCode: &quot;OFFR002&quot;, distance: 100, weight: 120, expected: True)" computerName="Sudhirs-MacBook-Pro" duration="00:00:00.0000013" startTime="2026-01-24T18:09:14.0185020+05:30" endTime="2026-01-24T18:09:14.0185020+05:30" testType="13cdc9d9-ddb5-4fa4-a97d-d965ccfc6d4b" outcome="Passed" testListId="8c84fa94-04c1-424b-9868-57a2d4851a1d" relativeResultsDirectory="89010624-5551-42f6-8736-acdf2dc23637" />
    <UnitTestResult executionId="be652411-3abe-4bb0-b4a3-01ec2eb9011c" testId="c1042982-4b8a-b720-2bf5-da338a4352ab" testName="CourierService.Tests.Infrastructure.Offers.OfferServiceTests.IsValidOffer_ReturnsExpectedResult(offerCode: &quot;OFR003&quot;, distance: 49, weight: 50, expected: False)" computerName="Sudhirs-MacBook-Pro" duration="00:00:00.0000020" startTime="2026-01-24T18:09:14.0182390+05:30" endTime="2026-01-24T18:09:14.0182390+05:30" testType="13cdc9d9-ddb5-4fa4-a97d-d965ccfc6d4b" outcome="Passed" testListId="8c84fa94-04c1-424b-9868-57a2d4851a1d" relativeResultsDirectory="be652411-3abe-4bb0-b4a3-01ec2eb9011c" />
    <UnitTestResult executionId="0a0b1578-4cd6-41ad-9a1c-de71721a1b1f" testId="13ae1d82-a001-d181-659c-e09530252c9c" testName="CourierService.Tests.Infrastructure.Offers.OfferServiceTests.CalculateDiscount_ReturnsExpectedAmount(offerCode: &quot;OFFR08&quot;, distance: 125, weight: 75, deliveryCost: 1475, expectedDiscount: 0)" computerName="Sudhirs-MacBook-Pro" duration="00:00:00.0000020" startTime="2026-01-24T18:09:14.0188050+05:30" endTime="2026-01-24T18:09:14.0188050+05:30" testType="13cdc9d9-ddb5-4fa4-a97d-d965ccfc6d4b" outcome="Passed" testListId="8c84fa94-04c1-424b-9868-57a2d4851a1d" relativeResultsDirectory="0a0b1578-4cd6-41ad-9a1c-de71721a1b1f" />
    <UnitTestResult executionId="844566b8-8f65-499b-9b2f-b73bdcfbd618" testId="0f38eb80-8d8e-8c21-092d-f05c4131cce5" testName="CourierService.Tests.Infrastructure.Parsers.InputParserTests.ParseDeliveryTimeInput_InvalidInput_ThrowsException(input: &quot;100&quot;)" computerName="Sudhirs-MacBook-Pro" duration="00:00:00.0010136" startTime="2026-01-24T18:09:14.0246860+05:30" endTime="2026-01-24T18:09:14.0246860+05:30" testType="13cdc9d9-ddb5-4fa4-a97d-d965ccfc6d4b" outcome="Failed" testListId="8c84fa94-04c1-424b-9868-57a2d4851a1d" relativeResultsDirectory="844566b8-8f65-499b-9b2f-b73bdcfbd618">
      <Output>
        <ErrorInfo>
          <Message>Assert.Throws() Failure: Exception type was not an exact match
Expected: typeof(System.ArgumentException)
Actual:   typeof(System.IndexOutOfRangeException)
---- System.IndexOutOfRangeException : Index was outside the bounds of the array.</Message>
          <StackTrace>   at CourierService.Tests.Infrastructure.Parsers.InputParserTests.ParseDeliveryTimeInput_InvalidInput_ThrowsException(String input) in /Users/sudhirkumar/Work/EverestCodingAssignment/EverestCodingAssignment/Tests/Infrastructure/Parsers/InputParserTests.cs:line 118
   at InvokeStub_InputParserTests.ParseDeliveryTimeInput_InvalidInput_ThrowsException(Object, Span`1)
   at System.Reflection.MethodBaseInvoker.InvokeWithOneArg(Object obj, BindingFlags invokeAttr, Binder binder, Object[] parameters, CultureInfo culture)
----- Inner Stack Trace -----
   at CourierService.Infrastructure.Parsers.InputParser.ParseDeliveryTimeInput(String input) in /Users/sudhirkumar/Work/EverestCodingAssignment/EverestCodingAssignment/CourierService/Infrastructure/Parsers/InputParser.cs:line 51
   at CourierService.Tests.Infrastructure.Parsers.InputParserTests.&lt;&gt;c__DisplayClass6_0.&lt;ParseDeliveryTimeInput_InvalidInput_ThrowsException&gt;b__0() in /Users/sudhirkumar/Work/EverestCodingAssignment/EverestCodingAssignment/Tests/Infrastructure/Parsers/InputParserTests.cs:line 118</StackTrace>
        </ErrorInfo>
      </Output>
    </UnitTestResult>
    <UnitTestResult executionId="e0ed5ec0-1f07-4f1e-baef-eb84c3220ef7" testId="685e654c-fdb7-25b3-e2b1-b24b5ea85de1" testName="CourierService.Tests.Infrastructure.Parsers.InputParserTests.ParseDeliveryCostInput_InvalidInput_ThrowsException(input: &quot;100 3 PKG1&quot;)" computerName="Sudhirs-MacBook-Pro" duration="00:00:00.0000058" startTime="2026-01-24T18:09:14.0250190+05:30" endTime="2026-01-24T18:09:14.0250190+05:30" testType="13cdc9d9-ddb5-4fa4-a97d-d965ccfc6d4b" outcome="Passed" testListId="8c84fa94-04c1-424b-9868-57a2d4851a1d" relativeResultsDirectory="e0ed5ec0-1f07-4f1e-baef-eb84c3220ef7" />
    <UnitTestResult executionId="8b79da9f-3f52-4ddc-afd3-be1a551777c7" testId="592c8293-06fa-e4bd-1c34-ac0754ec43af" testName="CourierService.Tests.Core.Models.DeliveryResultTests.DeliveryResult_Properties_SetCorrectly" computerName="Sudhirs-MacBook-Pro" duration="00:00:00.0062576" startTime="2026-01-24T18:09:14.0175770+05:30" endTime="2026-01-24T18:09:14.0175770+05:30" testType="13cdc9d9-ddb5-4fa4-a97d-d965ccfc6d4b" outcome="Passed" testListId="8c84fa94-04c1-424b-9868-57a2d4851a1d" relativeResultsDirectory="8b79da9f-3f52-4ddc-afd3-be1a551777c7" />
    <UnitTestResult executionId="8403c497-79e8-4bdf-8b81-9d4d76a912de" testId="797939c2-c506-a20b-369e-585149ce72b7" testName="CourierService.Tests.Infrastructure.Parsers.InputParserTests.ParseDeliveryCostInput_InvalidInput_ThrowsException(input: &quot;&quot;)" computerName="Sudhirs-MacBook-Pro" duration="00:00:00.0000066" startTime="2026-01-24T18:09:14.0248380+05:30" endTime="2026-01-24T18:09:14.0248380+05:30" testType="13cdc9d9-ddb5-4fa4-a97d-d965ccfc6d4b" outcome="Passed" testListId="8c84fa94-04c1-424b-9868-57a2d4851a1d" relativeResultsDirectory="8403c497-79e8-4bdf-8b81-9d4d76a912de" />
    <UnitTestResult executionId="dfe71221-43d2-4aac-b8b0-4b1bd81bef45" testId="683f517d-0de4-8934-67c5-490452695bc0" testName="CourierService.Tests.Infrastructure.Offers.OfferServiceTests.IsValidOffer_ReturnsExpectedResult(offerCode: &quot;OFR001&quot;, distance: 150, weight: 50, expected: False)" computerName="Sudhirs-MacBook-Pro" duration="00:00:00.0002401" startTime="2026-01-24T18:09:14.0176200+05:30" endTime="2026-01-24T18:09:14.0176200+05:30" testType="13cdc9d9-ddb5-4fa4-a97d-d965ccfc6d4b" outcome="Passed" testListId="8c84fa94-04c1-424b-9868-57a2d4851a1d" relativeResultsDirectory="dfe71221-43d2-4aac-b8b0-4b1bd81bef45" />
    <UnitTestResult executionId="5cbfc480-66bf-4b54-a9de-ab0cd67bb70a" testId="bd7939a1-4071-2c81-7473-56eb731dcebb" testName="CourierService.Tests.Core.Models.PackageTests.Package_Constructor_SetsProperties" computerName="Sudhirs-MacBook-Pro" duration="00:00:00.0062738" startTime="2026-01-24T18:09:14.0175960+05:30" endTime="2026-01-24T18:09:14.0175960+05:30" testType="13cdc9d9-ddb5-4fa4-a97d-d965ccfc6d4b" outcome="Passed" testListId="8c84fa94-04c1-424b-9868-57a2d4851a1d" relativeResultsDirectory="5cbfc480-66bf-4b54-a9de-ab0cd67bb70a" />
    <UnitTestResult executionId="e622acf9-fc00-4d4a-bc4d-de4cc79b6de9" testId="6aad6691-715a-5c31-139f-6ee9db16debf" testName="CourierService.Tests.Infrastructure.Offers.OfferServiceTests.CalculateDiscount_ReturnsExpectedAmount(offerCode: &quot;OFR001&quot;, distance: 150, weight: 100, deliveryCost: 1850, expectedDiscount: 185)" computerName="Sudhirs-MacBook-Pro" duration="00:00:00.0000028" startTime="2026-01-24T18:09:14.0187780+05:30" endTime="2026-01-24T18:09:14.0187780+05:30" testType="13cdc9d9-ddb5-4fa4-a97d-d965ccfc6d4b" outcome="Passed" testListId="8c84fa94-04c1-424b-9868-57a2d4851a1d" relativeResultsDirectory="e622acf9-fc00-4d4a-bc4d-de4cc79b6de9" />
  </Results>
  <TestDefinitions>
    <UnitTest name="CourierService.Tests.Core.Services.Delivery.DeliveryCostCalculatorTests.CalculateDeliveryCost_ThrowsExceptionForNullPackage" storage="/users/sudhirkumar/work/everestcodingassignment/everestcodingassignment/tests/bin/debug/net10.0/courierservice.tests.dll" id="c25c9e56-b9a2-1499-6c06-b96ce5590e5f">
      <Execution id="eed4a878-a9ee-4c85-ae83-321d39271b93" />
      <TestMethod codeBase="/Users/sudhirkumar/Work/EverestCodingAssignment/EverestCodingAssignment/Tests/bin/Debug/net10.0/CourierService.Tests.dll" adapterTypeName="executor://xunit/VsTestRunner2/netcoreapp" className="CourierService.Tests.Core.Services.Delivery.DeliveryCostCalculatorTests" name="CalculateDeliveryCost_ThrowsExceptionForNullPackage" />
    </UnitTest>
    <UnitTest name="CourierService.Tests.Infrastructure.Offers.OfferServiceTests.IsValidOffer_ReturnsExpectedResult(offerCode: &quot;OFR002&quot;, distance: 100, weight: 150, expected: True)" storage="/users/sudhirkumar/work/everestcodingassignment/everestcodingassignment/tests/bin/debug/net10.0/courierservice.tests.dll" id="c4c73cbc-bc55-2a8b-c825-c45f1cdea21f">
      <Execution id="b2d0f70e-f8e4-4a58-a541-4814b07440b9" />
      <TestMethod codeBase="/Users/sudhirkumar/Work/EverestCodingAssignment/EverestCodingAssignment/Tests/bin/Debug/net10.0/CourierService.Tests.dll" adapterTypeName="executor://xunit/VsTestRunner2/netcoreapp" className="CourierService.Tests.Infrastructure.Offers.OfferServiceTests" name="IsValidOffer_ReturnsExpectedResult" />
    </UnitTest>
    <UnitTest name="CourierService.Tests.Core.Services.Delivery.DeliveryCostCalculatorTests.CalculateDeliveryCost_ReturnsCorrectCostWithoutDiscount" storage="/users/sudhirkumar/work/everestcodingassignment/everestcodingassignment/tests/bin/debug/net10.0/courierservice.tests.dll" id="d2842dff-d71f-5ff5-dcf4-6f3ac6e9045e">
      <Execution id="a0270359-aa17-4cec-833f-41dd865cde0a" />
      <TestMethod codeBase="/Users/sudhirkumar/Work/EverestCodingAssignment/EverestCodingAssignment/Tests/bin/Debug/net10.0/CourierService.Tests.dll" adapterTypeName="executor://xunit/VsTestRunner2/netcoreapp" className="CourierService.Tests.Core.Services.Delivery.DeliveryCostCalculatorTests" name="CalculateDeliveryCost_ReturnsCorrectCostWithoutDiscount" />
    </UnitTest>
    <UnitTest name="CourierService.Tests.Core.Services.PackageProcessorTests.ProcessPackagesForDeliveryCost_ReturnsResultsForAllPackages" storage="/users/sudhirkumar/work/everestcodingassignment/everestcodingassignment/tests/bin/debug/net10.0/courierservice.tests.dll" id="cb926cfd-53b4-0462-8b00-8e254b08f2ee">
      <Execution id="d3dd28b8-a930-4454-82b8-997fc2a65e30" />
      <TestMethod codeBase="/Users/sudhirkumar/Work/EverestCodingAssignment/EverestCodingAssignment/Tests/bin/Debug/net10.0/CourierService.Tests.dll" adapterTypeName="executor://xunit/VsTestRunner2/netcoreapp" className="CourierService.Tests.Core.Services.PackageProcessorTests" name="ProcessPackagesForDeliveryCost_ReturnsResultsForAllPackages" />
    </UnitTest>
    <UnitTest name="CourierService.Tests.Infrastructure.Parsers.InputParserTests.ParseDeliveryTimeInput_FullExampleFromPDF" storage="/users/sudhirkumar/work/everestcodingassignment/everestcodingassignment/tests/bin/debug/net10.0/courierservice.tests.dll" id="c42be582-380a-fa31-d8b7-450a713a29c4">
      <Execution id="5d594a07-c801-4fc3-ab2c-44c98a4140b2" />
      <TestMethod codeBase="/Users/sudhirkumar/Work/EverestCodingAssignment/EverestCodingAssignment/Tests/bin/Debug/net10.0/CourierService.Tests.dll" adapterTypeName="executor://xunit/VsTestRunner2/netcoreapp" className="CourierService.Tests.Infrastructure.Parsers.InputParserTests" name="ParseDeliveryTimeInput_FullExampleFromPDF" />
    </UnitTest>
    <UnitTest name="CourierService.Tests.Infrastructure.Offers.OfferServiceTests.IsValidOffer_ReturnsExpectedResult(offerCode: &quot;OFR003&quot;, distance: 250, weight: 150, expected: True)" storage="/users/sudhirkumar/work/everestcodingassignment/everestcodingassignment/tests/bin/debug/net10.0/courierservice.tests.dll" id="d69d3d28-21e5-2bec-fb4f-5938094ef0fc">
      <Execution id="5d68e665-40f0-4984-8cc8-ea82e25aa4aa" />
      <TestMethod codeBase="/Users/sudhirkumar/Work/EverestCodingAssignment/EverestCodingAssignment/Tests/bin/Debug/net10.0/CourierService.Tests.dll" adapterTypeName="executor://xunit/VsTestRunner2/netcoreapp" className="CourierService.Tests.Infrastructure.Offers.OfferServiceTests" name="IsValidOffer_ReturnsExpectedResult" />
    </UnitTest>
    <UnitTest name="CourierService.Tests.Infrastructure.Offers.OfferServiceTests.IsValidOffer_ReturnsExpectedResult(offerCode: &quot;OFR003&quot;, distance: 100, weight: 9, expected: False)" storage="/users/sudhirkumar/work/everestcodingassignment/everestcodingassignment/tests/bin/debug/net10.0/courierservice.tests.dll" id="78ec343d-72ef-b483-2733-fef80fa5d534">
      <Execution id="781105d7-5560-4d13-be57-664eb265f3a3" />
      <TestMethod codeBase="/Users/sudhirkumar/Work/EverestCodingAssignment/EverestCodingAssignment/Tests/bin/Debug/net10.0/CourierService.Tests.dll" adapterTypeName="executor://xunit/VsTestRunner2/netcoreapp" className="CourierService.Tests.Infrastructure.Offers.OfferServiceTests" name="IsValidOffer_ReturnsExpectedResult" />
    </UnitTest>
    <UnitTest name="CourierService.Tests.Core.Models.PackageTests.Package_Constructor_SetsProperties" storage="/users/sudhirkumar/work/everestcodingassignment/everestcodingassignment/tests/bin/debug/net10.0/courierservice.tests.dll" id="bd7939a1-4071-2c81-7473-56eb731dcebb">
      <Execution id="5cbfc480-66bf-4b54-a9de-ab0cd67bb70a" />
      <TestMethod codeBase="/Users/sudhirkumar/Work/EverestCodingAssignment/EverestCodingAssignment/Tests/bin/Debug/net10.0/CourierService.Tests.dll" adapterTypeName="executor://xunit/VsTestRunner2/netcoreapp" className="CourierService.Tests.Core.Models.PackageTests" name="Package_Constructor_SetsProperties" />
    </UnitTest>
    <UnitTest name="CourierService.Tests.Infrastructure.Offers.OfferServiceTests.IsValidOffer_ReturnsExpectedResult(offerCode: &quot;&quot;, distance: 100, weight: 100, expected: False)" storage="/users/sudhirkumar/work/everestcodingassignment/everestcodingassignment/tests/bin/debug/net10.0/courierservice.tests.dll" id="6c8e8576-f752-bc4c-cdd6-8e714514d0a3">
      <Execution id="98d6cb6c-8329-4927-ac39-6795e0d35c29" />
      <TestMethod codeBase="/Users/sudhirkumar/Work/EverestCodingAssignment/EverestCodingAssignment/Tests/bin/Debug/net10.0/CourierService.Tests.dll" adapterTypeName="executor://xunit/VsTestRunner2/netcoreapp" className="CourierService.Tests.Infrastructure.Offers.OfferServiceTests" name="IsValidOffer_ReturnsExpectedResult" />
    </UnitTest>
    <UnitTest name="CourierService.Tests.Core.Services.PackageProcessorTests.ProcessPackagesWithDeliveryTime_DelegatesToTimeCalculator" storage="/users/sudhirkumar/work/everestcodingassignment/everestcodingassignment/tests/bin/debug/net10.0/courierservice.tests.dll" id="9d2e8765-e513-1680-3c8d-f0156de36063">
      <Execution id="293515a5-3fa5-43fc-9141-22387d0aafee" />
      <TestMethod codeBase="/Users/sudhirkumar/Work/EverestCodingAssignment/EverestCodingAssignment/Tests/bin/Debug/net10.0/CourierService.Tests.dll" adapterTypeName="executor://xunit/VsTestRunner2/netcoreapp" className="CourierService.Tests.Core.Services.PackageProcessorTests" name="ProcessPackagesWithDeliveryTime_DelegatesToTimeCalculator" />
    </UnitTest>
    <UnitTest name="CourierService.Tests.Infrastructure.Offers.OfferServiceTests.CalculateDiscount_ReturnsExpectedAmount(offerCode: &quot;OFR003&quot;, distance: 100, weight: 100, deliveryCost: 1600, expectedDiscount: 80)" storage="/users/sudhirkumar/work/everestcodingassignment/everestcodingassignment/tests/bin/debug/net10.0/courierservice.tests.dll" id="4ca8a1ff-7e3d-2a1c-e933-119755ec5dfd">
      <Execution id="932bbc9c-2257-46e4-9bff-072f02294ef3" />
      <TestMethod codeBase="/Users/sudhirkumar/Work/EverestCodingAssignment/EverestCodingAssignment/Tests/bin/Debug/net10.0/CourierService.Tests.dll" adapterTypeName="executor://xunit/VsTestRunner2/netcoreapp" className="CourierService.Tests.Infrastructure.Offers.OfferServiceTests" name="CalculateDiscount_ReturnsExpectedAmount" />
    </UnitTest>
    <UnitTest name="CourierService.Tests.Infrastructure.Offers.OfferServiceTests.IsValidOffer_ReturnsExpectedResult(offerCode: &quot;OFR001&quot;, distance: 199, weight: 70, expected: True)" storage="/users/sudhirkumar/work/everestcodingassignment/everestcodingassignment/tests/bin/debug/net10.0/courierservice.tests.dll" id="ed8b879e-308d-97a0-7d6e-aae58bbc8120">
      <Execution id="1b4a885f-611c-4526-a796-de0ad70df7a0" />
      <TestMethod codeBase="/Users/sudhirkumar/Work/EverestCodingAssignment/EverestCodingAssignment/Tests/bin/Debug/net10.0/CourierService.Tests.dll" adapterTypeName="executor://xunit/VsTestRunner2/netcoreapp" className="CourierService.Tests.Infrastructure.Offers.OfferServiceTests" name="IsValidOffer_ReturnsExpectedResult" />
    </UnitTest>
    <UnitTest name="CourierService.Tests.Integration.CourierServiceIntegrationTests.OfferService_Integration_CalculatesCorrectDiscount(offerCode: &quot;OFR001&quot;, distance: 250, weight: 100, deliveryCost: 2100, expectedDiscount: 0)" storage="/users/sudhirkumar/work/everestcodingassignment/everestcodingassignment/tests/bin/debug/net10.0/courierservice.tests.dll" id="7667a18e-8b6c-abed-05fe-9ae4e2f46e1d">
      <Execution id="1099e9aa-56bd-44e6-8e98-9274d6afc715" />
      <TestMethod codeBase="/Users/sudhirkumar/Work/EverestCodingAssignment/EverestCodingAssignment/Tests/bin/Debug/net10.0/CourierService.Tests.dll" adapterTypeName="executor://xunit/VsTestRunner2/netcoreapp" className="CourierService.Tests.Integration.CourierServiceIntegrationTests" name="OfferService_Integration_CalculatesCorrectDiscount" />
    </UnitTest>
    <UnitTest name="CourierService.Tests.Infrastructure.Offers.OfferServiceTests.IsValidOffer_ReturnsExpectedResult(offerCode: &quot;OFR001&quot;, distance: 150, weight: 50, expected: False)" storage="/users/sudhirkumar/work/everestcodingassignment/everestcodingassignment/tests/bin/debug/net10.0/courierservice.tests.dll" id="683f517d-0de4-8934-67c5-490452695bc0">
      <Execution id="dfe71221-43d2-4aac-b8b0-4b1bd81bef45" />
      <TestMethod codeBase="/Users/sudhirkumar/Work/EverestCodingAssignment/EverestCodingAssignment/Tests/bin/Debug/net10.0/CourierService.Tests.dll" adapterTypeName="executor://xunit/VsTestRunner2/netcoreapp" className="CourierService.Tests.Infrastructure.Offers.OfferServiceTests" name="IsValidOffer_ReturnsExpectedResult" />
    </UnitTest>
    <UnitTest name="CourierService.Tests.Infrastructure.Offers.OfferServiceTests.CalculateDiscount_ReturnsExpectedAmount(offerCode: &quot;OFR001&quot;, distance: 250, weight: 100, deliveryCost: 2100, expectedDiscount: 0)" storage="/users/sudhirkumar/work/everestcodingassignment/everestcodingassignment/tests/bin/debug/net10.0/courierservice.tests.dll" id="29f0fd2c-71fc-e407-dfea-d0f6c0162b38">
      <Execution id="d68e6030-cbc4-4adb-83a1-d261f0f17413" />
      <TestMethod codeBase="/Users/sudhirkumar/Work/EverestCodingAssignment/EverestCodingAssignment/Tests/bin/Debug/net10.0/CourierService.Tests.dll" adapterTypeName="executor://xunit/VsTestRunner2/netcoreapp" className="CourierService.Tests.Infrastructure.Offers.OfferServiceTests" name="CalculateDiscount_ReturnsExpectedAmount" />
    </UnitTest>
    <UnitTest name="CourierService.Tests.Infrastructure.Offers.OfferServiceTests.IsValidOffer_ReturnsExpectedResult(offerCode: &quot;OFR002&quot;, distance: 151, weight: 150, expected: False)" storage="/users/sudhirkumar/work/everestcodingassignment/everestcodingassignment/tests/bin/debug/net10.0/courierservice.tests.dll" id="24b5a81e-b3c7-3791-d772-8d715ba9fcc0">
      <Execution id="84dbd9c3-e2f5-44a3-8542-28f731bfe1ed" />
      <TestMethod codeBase="/Users/sudhirkumar/Work/EverestCodingAssignment/EverestCodingAssignment/Tests/bin/Debug/net10.0/CourierService.Tests.dll" adapterTypeName="executor://xunit/VsTestRunner2/netcoreapp" className="CourierService.Tests.Infrastructure.Offers.OfferServiceTests" name="IsValidOffer_ReturnsExpectedResult" />
    </UnitTest>
    <UnitTest name="CourierService.Tests.Core.Services.PackageProcessorTests.ProcessPackagesForDeliveryCost_EmptyList_ReturnsEmptyResults" storage="/users/sudhirkumar/work/everestcodingassignment/everestcodingassignment/tests/bin/debug/net10.0/courierservice.tests.dll" id="e9558655-1d91-425f-0131-c54127016951">
      <Execution id="84fe98c3-ad3a-4996-b2c8-3bb230e48067" />
      <TestMethod codeBase="/Users/sudhirkumar/Work/EverestCodingAssignment/EverestCodingAssignment/Tests/bin/Debug/net10.0/CourierService.Tests.dll" adapterTypeName="executor://xunit/VsTestRunner2/netcoreapp" className="CourierService.Tests.Core.Services.PackageProcessorTests" name="ProcessPackagesForDeliveryCost_EmptyList_ReturnsEmptyResults" />
    </UnitTest>
    <UnitTest name="CourierService.Tests.Infrastructure.Offers.OfferServiceTests.AddOffer_AddsNewOfferToCollection" storage="/users/sudhirkumar/work/everestcodingassignment/everestcodingassignment/tests/bin/debug/net10.0/courierservice.tests.dll" id="836960ab-5809-b00f-9712-008c18654529">
      <Execution id="32b5ab06-69ae-4e7d-9d96-30d780e31bfa" />
      <TestMethod codeBase="/Users/sudhirkumar/Work/EverestCodingAssignment/EverestCodingAssignment/Tests/bin/Debug/net10.0/CourierService.Tests.dll" adapterTypeName="executor://xunit/VsTestRunner2/netcoreapp" className="CourierService.Tests.Infrastructure.Offers.OfferServiceTests" name="AddOffer_AddsNewOfferToCollection" />
    </UnitTest>
    <UnitTest name="CourierService.Tests.Infrastructure.Parsers.InputParserTests.ParseDeliveryCostInput_InvalidInput_ThrowsException(input: &quot;100&quot;)" storage="/users/sudhirkumar/work/everestcodingassignment/everestcodingassignment/tests/bin/debug/net10.0/courierservice.tests.dll" id="fda34c20-da32-cfae-a93e-4dc11179268a">
      <Execution id="aaf409a6-f9c1-49d6-b80b-4ab526b16917" />
      <TestMethod codeBase="/Users/sudhirkumar/Work/EverestCodingAssignment/EverestCodingAssignment/Tests/bin/Debug/net10.0/CourierService.Tests.dll" adapterTypeName="executor://xunit/VsTestRunner2/netcoreapp" className="CourierService.Tests.Infrastructure.Parsers.InputParserTests" name="ParseDeliveryCostInput_InvalidInput_ThrowsException" />
    </UnitTest>
    <UnitTest name="CourierService.Tests.Core.Models.DeliveryResultTests.DeliveryResult_Properties_SetCorrectly" storage="/users/sudhirkumar/work/everestcodingassignment/everestcodingassignment/tests/bin/debug/net10.0/courierservice.tests.dll" id="592c8293-06fa-e4bd-1c34-ac0754ec43af">
      <Execution id="8b79da9f-3f52-4ddc-afd3-be1a551777c7" />
      <TestMethod codeBase="/Users/sudhirkumar/Work/EverestCodingAssignment/EverestCodingAssignment/Tests/bin/Debug/net10.0/CourierService.Tests.dll" adapterTypeName="executor://xunit/VsTestRunner2/netcoreapp" className="CourierService.Tests.Core.Models.DeliveryResultTests" name="DeliveryResult_Properties_SetCorrectly" />
    </UnitTest>
    <UnitTest name="CourierService.Tests.Infrastructure.Offers.OfferServiceTests.IsValidOffer_ReturnsExpectedResult(offerCode: &quot;OFFR002&quot;, distance: 100, weight: 120, expected: True)" storage="/users/sudhirkumar/work/everestcodingassignment/everestcodingassignment/tests/bin/debug/net10.0/courierservice.tests.dll" id="f2ddd3fa-4d40-8839-5632-409158772b91">
      <Execution id="89010624-5551-42f6-8736-acdf2dc23637" />
      <TestMethod codeBase="/Users/sudhirkumar/Work/EverestCodingAssignment/EverestCodingAssignment/Tests/bin/Debug/net10.0/CourierService.Tests.dll" adapterTypeName="executor://xunit/VsTestRunner2/netcoreapp" className="CourierService.Tests.Infrastructure.Offers.OfferServiceTests" name="IsValidOffer_ReturnsExpectedResult" />
    </UnitTest>
    <UnitTest name="CourierService.Tests.Infrastructure.Offers.OfferServiceTests.CalculateDiscount_ReturnsExpectedAmount(offerCode: &quot;INVALID&quot;, distance: 100, weight: 100, deliveryCost: 1000, expectedDiscount: 0)" storage="/users/sudhirkumar/work/everestcodingassignment/everestcodingassignment/tests/bin/debug/net10.0/courierservice.tests.dll" id="01cacf69-689b-87c6-f783-e874badb37d1">
      <Execution id="0ce5a9e6-59d3-4581-8b1c-a4e0e2560de5" />
      <TestMethod codeBase="/Users/sudhirkumar/Work/EverestCodingAssignment/EverestCodingAssignment/Tests/bin/Debug/net10.0/CourierService.Tests.dll" adapterTypeName="executor://xunit/VsTestRunner2/netcoreapp" className="CourierService.Tests.Infrastructure.Offers.OfferServiceTests" name="CalculateDiscount_ReturnsExpectedAmount" />
    </UnitTest>
    <UnitTest name="CourierService.Tests.Infrastructure.Offers.OfferServiceTests.IsValidOffer_ReturnsExpectedResult(offerCode: &quot;OFR001&quot;, distance: 200, weight: 100, expected: False)" storage="/users/sudhirkumar/work/everestcodingassignment/everestcodingassignment/tests/bin/debug/net10.0/courierservice.tests.dll" id="f8cad89d-8df9-053a-8b2b-9b1950f3e6f2">
      <Execution id="5f427825-87c2-467f-89d6-105aeca912e5" />
      <TestMethod codeBase="/Users/sudhirkumar/Work/EverestCodingAssignment/EverestCodingAssignment/Tests/bin/Debug/net10.0/CourierService.Tests.dll" adapterTypeName="executor://xunit/VsTestRunner2/netcoreapp" className="CourierService.Tests.Infrastructure.Offers.OfferServiceTests" name="IsValidOffer_ReturnsExpectedResult" />
    </UnitTest>
    <UnitTest name="CourierService.Tests.Infrastructure.Offers.OfferServiceTests.IsValidOffer_ReturnsExpectedResult(offerCode: &quot;OFR003&quot;, distance: 49, weight: 50, expected: False)" storage="/users/sudhirkumar/work/everestcodingassignment/everestcodingassignment/tests/bin/debug/net10.0/courierservice.tests.dll" id="c1042982-4b8a-b720-2bf5-da338a4352ab">
      <Execution id="be652411-3abe-4bb0-b4a3-01ec2eb9011c" />
      <TestMethod codeBase="/Users/sudhirkumar/Work/EverestCodingAssignment/EverestCodingAssignment/Tests/bin/Debug/net10.0/CourierService.Tests.dll" adapterTypeName="executor://xunit/VsTestRunner2/netcoreapp" className="CourierService.Tests.Infrastructure.Offers.OfferServiceTests" name="IsValidOffer_ReturnsExpectedResult" />
    </UnitTest>
    <UnitTest name="CourierService.Tests.Infrastructure.Parsers.InputParserTests.ParseDeliveryCostInput_InvalidInput_ThrowsException(input: &quot;100 3 PKG1&quot;)" storage="/users/sudhirkumar/work/everestcodingassignment/everestcodingassignment/tests/bin/debug/net10.0/courierservice.tests.dll" id="685e654c-fdb7-25b3-e2b1-b24b5ea85de1">
      <Execution id="e0ed5ec0-1f07-4f1e-baef-eb84c3220ef7" />
      <TestMethod codeBase="/Users/sudhirkumar/Work/EverestCodingAssignment/EverestCodingAssignment/Tests/bin/Debug/net10.0/CourierService.Tests.dll" adapterTypeName="executor://xunit/VsTestRunner2/netcoreapp" className="CourierService.Tests.Infrastructure.Parsers.InputParserTests" name="ParseDeliveryCostInput_InvalidInput_ThrowsException" />
    </UnitTest>
    <UnitTest name="CourierService.Tests.Infrastructure.Parsers.InputParserTests.ParseDeliveryTimeInput_InvalidInput_ThrowsException(input: &quot;100 2 PKG1 50 30 OFR001 2 70&quot;)" storage="/users/sudhirkumar/work/everestcodingassignment/everestcodingassignment/tests/bin/debug/net10.0/courierservice.tests.dll" id="bbe75d59-d1f2-f2de-d98c-41ac30de4ae1">
      <Execution id="b9e130f3-980b-4ef2-b4ca-10cd64901237" />
      <TestMethod codeBase="/Users/sudhirkumar/Work/EverestCodingAssignment/EverestCodingAssignment/Tests/bin/Debug/net10.0/CourierService.Tests.dll" adapterTypeName="executor://xunit/VsTestRunner2/netcoreapp" className="CourierService.Tests.Infrastructure.Parsers.InputParserTests" name="ParseDeliveryTimeInput_InvalidInput_ThrowsException" />
    </UnitTest>
    <UnitTest name="CourierService.Tests.Integration.CourierServiceIntegrationTests.FullPipeline_DeliveryCostWithDiscounts_ReturnsCorrectResults" storage="/users/sudhirkumar/work/everestcodingassignment/everestcodingassignment/tests/bin/debug/net10.0/courierservice.tests.dll" id="10ec3b42-1daa-8fd7-c4f8-06be9128d25e">
      <Execution id="5de74fba-90d5-4333-8be8-1bccb65ccaa4" />
      <TestMethod codeBase="/Users/sudhirkumar/Work/EverestCodingAssignment/EverestCodingAssignment/Tests/bin/Debug/net10.0/CourierService.Tests.dll" adapterTypeName="executor://xunit/VsTestRunner2/netcoreapp" className="CourierService.Tests.Integration.CourierServiceIntegrationTests" name="FullPipeline_DeliveryCostWithDiscounts_ReturnsCorrectResults" />
    </UnitTest>
    <UnitTest name="CourierService.Tests.Infrastructure.Offers.OfferServiceTests.IsValidOffer_ReturnsExpectedResult(offerCode: &quot;NA&quot;, distance: 100, weight: 120, expected: False)" storage="/users/sudhirkumar/work/everestcodingassignment/everestcodingassignment/tests/bin/debug/net10.0/courierservice.tests.dll" id="28025eb2-b5a0-9e5e-b454-77e928d2b01b">
      <Execution id="ea8fffec-6f4f-4862-abb4-e4f62bf0603f" />
      <TestMethod codeBase="/Users/sudhirkumar/Work/EverestCodingAssignment/EverestCodingAssignment/Tests/bin/Debug/net10.0/CourierService.Tests.dll" adapterTypeName="executor://xunit/VsTestRunner2/netcoreapp" className="CourierService.Tests.Infrastructure.Offers.OfferServiceTests" name="IsValidOffer_ReturnsExpectedResult" />
    </UnitTest>
    <UnitTest name="CourierService.Tests.Core.Models.VehicleTests.Vehicle_CanCarry_ReturnsFalseWhenWeightExceeded" storage="/users/sudhirkumar/work/everestcodingassignment/everestcodingassignment/tests/bin/debug/net10.0/courierservice.tests.dll" id="0a8b8626-6790-6512-4bb7-bc84c1f2950c">
      <Execution id="92bcc80d-360d-4c2f-80ad-07fd398b1989" />
      <TestMethod codeBase="/Users/sudhirkumar/Work/EverestCodingAssignment/EverestCodingAssignment/Tests/bin/Debug/net10.0/CourierService.Tests.dll" adapterTypeName="executor://xunit/VsTestRunner2/netcoreapp" className="CourierService.Tests.Core.Models.VehicleTests" name="Vehicle_CanCarry_ReturnsFalseWhenWeightExceeded" />
    </UnitTest>
    <UnitTest name="CourierService.Tests.Infrastructure.Parsers.InputParserTests.ParseDeliveryTimeInput_HandlesExtraSpaces" storage="/users/sudhirkumar/work/everestcodingassignment/everestcodingassignment/tests/bin/debug/net10.0/courierservice.tests.dll" id="2035af78-20ce-1aa1-0886-877e7cfc33e8">
      <Execution id="636066e7-ca30-4802-a054-24b60c60b38a" />
      <TestMethod codeBase="/Users/sudhirkumar/Work/EverestCodingAssignment/EverestCodingAssignment/Tests/bin/Debug/net10.0/CourierService.Tests.dll" adapterTypeName="executor://xunit/VsTestRunner2/netcoreapp" className="CourierService.Tests.Infrastructure.Parsers.InputParserTests" name="ParseDeliveryTimeInput_HandlesExtraSpaces" />
    </UnitTest>
    <UnitTest name="CourierService.Tests.Infrastructure.Offers.OfferServiceTests.CalculateDiscount_ReturnsExpectedAmount(offerCode: &quot;OFR002&quot;, distance: 100, weight: 150, deliveryCost: 2100, expectedDiscount: 147)" storage="/users/sudhirkumar/work/everestcodingassignment/everestcodingassignment/tests/bin/debug/net10.0/courierservice.tests.dll" id="8c4732e1-a155-c002-d7d1-252072bb151b">
      <Execution id="02acb3a3-5ae0-4f2d-bea3-d7efa07b5677" />
      <TestMethod codeBase="/Users/sudhirkumar/Work/EverestCodingAssignment/EverestCodingAssignment/Tests/bin/Debug/net10.0/CourierService.Tests.dll" adapterTypeName="executor://xunit/VsTestRunner2/netcoreapp" className="CourierService.Tests.Infrastructure.Offers.OfferServiceTests" name="CalculateDiscount_ReturnsExpectedAmount" />
    </UnitTest>
    <UnitTest name="CourierService.Tests.Infrastructure.Offers.OfferServiceTests.IsValidOffer_ReturnsExpectedResult(offerCode: &quot;OFR002&quot;, distance: 50, weight: 100, expected: True)" storage="/users/sudhirkumar/work/everestcodingassignment/everestcodingassignment/tests/bin/debug/net10.0/courierservice.tests.dll" id="8d1eec20-a990-c008-e1c7-864ba82ac434">
      <Execution id="d79d76ff-32ed-4fb3-bef3-bb66d40384b6" />
      <TestMethod codeBase="/Users/sudhirkumar/Work/EverestCodingAssignment/EverestCodingAssignment/Tests/bin/Debug/net10.0/CourierService.Tests.dll" adapterTypeName="executor://xunit/VsTestRunner2/netcoreapp" className="CourierService.Tests.Infrastructure.Offers.OfferServiceTests" name="IsValidOffer_ReturnsExpectedResult" />
    </UnitTest>
    <UnitTest name="CourierService.Tests.Infrastructure.Parsers.InputParserTests.ParseDeliveryCostInput_ValidInput_ReturnsPackages" storage="/users/sudhirkumar/work/everestcodingassignment/everestcodingassignment/tests/bin/debug/net10.0/courierservice.tests.dll" id="6b320c50-eaa8-7bce-bfb2-fd11f2382eed">
      <Execution id="6eed67ad-a3f4-433c-894f-c3c5704fb814" />
      <TestMethod codeBase="/Users/sudhirkumar/Work/EverestCodingAssignment/EverestCodingAssignment/Tests/bin/Debug/net10.0/CourierService.Tests.dll" adapterTypeName="executor://xunit/VsTestRunner2/netcoreapp" className="CourierService.Tests.Infrastructure.Parsers.InputParserTests" name="ParseDeliveryCostInput_ValidInput_ReturnsPackages" />
    </UnitTest>
    <UnitTest name="CourierService.Tests.Infrastructure.Offers.OfferServiceTests.IsValidOffer_ReturnsExpectedResult(offerCode: null, distance: 100, weight: 100, expected: False)" storage="/users/sudhirkumar/work/everestcodingassignment/everestcodingassignment/tests/bin/debug/net10.0/courierservice.tests.dll" id="1584547c-f32a-f367-029c-11f6f5cfed84">
      <Execution id="112731cc-5ef5-44c2-81f6-b32ff4e93ae0" />
      <TestMethod codeBase="/Users/sudhirkumar/Work/EverestCodingAssignment/EverestCodingAssignment/Tests/bin/Debug/net10.0/CourierService.Tests.dll" adapterTypeName="executor://xunit/VsTestRunner2/netcoreapp" className="CourierService.Tests.Infrastructure.Offers.OfferServiceTests" name="IsValidOffer_ReturnsExpectedResult" />
    </UnitTest>
    <UnitTest name="CourierService.Tests.Core.Services.PackageProcessorTests.ProcessPackagesWithDeliveryTime_EmptyList_ReturnsEmptyResults" storage="/users/sudhirkumar/work/everestcodingassignment/everestcodingassignment/tests/bin/debug/net10.0/courierservice.tests.dll" id="ab60cf85-12f6-20bc-efc0-1e3dcbd628a9">
      <Execution id="1e989ab1-9a2c-4769-a57a-6357835537fe" />
      <TestMethod codeBase="/Users/sudhirkumar/Work/EverestCodingAssignment/EverestCodingAssignment/Tests/bin/Debug/net10.0/CourierService.Tests.dll" adapterTypeName="executor://xunit/VsTestRunner2/netcoreapp" className="CourierService.Tests.Core.Services.PackageProcessorTests" name="ProcessPackagesWithDeliveryTime_EmptyList_ReturnsEmptyResults" />
    </UnitTest>
    <UnitTest name="CourierService.Tests.Infrastructure.Offers.OfferServiceTests.IsValidOffer_ReturnsExpectedResult(offerCode: &quot;OFR001&quot;, distance: 150, weight: 250, expected: False)" storage="/users/sudhirkumar/work/everestcodingassignment/everestcodingassignment/tests/bin/debug/net10.0/courierservice.tests.dll" id="e73d7f81-ede5-0486-c1fe-6362c3d78150">
      <Execution id="316736a6-92bc-45b3-acfe-64b15ef355ef" />
      <TestMethod codeBase="/Users/sudhirkumar/Work/EverestCodingAssignment/EverestCodingAssignment/Tests/bin/Debug/net10.0/CourierService.Tests.dll" adapterTypeName="executor://xunit/VsTestRunner2/netcoreapp" className="CourierService.Tests.Infrastructure.Offers.OfferServiceTests" name="IsValidOffer_ReturnsExpectedResult" />
    </UnitTest>
    <UnitTest name="CourierService.Tests.Infrastructure.Offers.OfferServiceTests.CalculateDiscount_ReturnsExpectedAmount(offerCode: &quot;OFFR08&quot;, distance: 125, weight: 75, deliveryCost: 1475, expectedDiscount: 0)" storage="/users/sudhirkumar/work/everestcodingassignment/everestcodingassignment/tests/bin/debug/net10.0/courierservice.tests.dll" id="13ae1d82-a001-d181-659c-e09530252c9c">
      <Execution id="0a0b1578-4cd6-41ad-9a1c-de71721a1b1f" />
      <TestMethod codeBase="/Users/sudhirkumar/Work/EverestCodingAssignment/EverestCodingAssignment/Tests/bin/Debug/net10.0/CourierService.Tests.dll" adapterTypeName="executor://xunit/VsTestRunner2/netcoreapp" className="CourierService.Tests.Infrastructure.Offers.OfferServiceTests" name="CalculateDiscount_ReturnsExpectedAmount" />
    </UnitTest>
    <UnitTest name="CourierService.Tests.Infrastructure.Parsers.InputParserTests.ParseDeliveryTimeInput_InvalidInput_ThrowsException(input: &quot;100&quot;)" storage="/users/sudhirkumar/work/everestcodingassignment/everestcodingassignment/tests/bin/debug/net10.0/courierservice.tests.dll" id="0f38eb80-8d8e-8c21-092d-f05c4131cce5">
      <Execution id="844566b8-8f65-499b-9b2f-b73bdcfbd618" />
      <TestMethod codeBase="/Users/sudhirkumar/Work/EverestCodingAssignment/EverestCodingAssignment/Tests/bin/Debug/net10.0/CourierService.Tests.dll" adapterTypeName="executor://xunit/VsTestRunner2/netcoreapp" className="CourierService.Tests.Infrastructure.Parsers.InputParserTests" name="ParseDeliveryTimeInput_InvalidInput_ThrowsException" />
    </UnitTest>
    <UnitTest name="CourierService.Tests.Infrastructure.Offers.OfferServiceTests.IsValidOffer_ReturnsExpectedResult(offerCode: &quot;OFR002&quot;, distance: 100, weight: 90, expected: False)" storage="/users/sudhirkumar/work/everestcodingassignment/everestcodingassignment/tests/bin/debug/net10.0/courierservice.tests.dll" id="c0e8b6bf-1219-d1ea-4a87-b16fc6bfd7e3">
      <Execution id="3eff1cd1-3478-4363-81d4-177cb1351282" />
      <TestMethod codeBase="/Users/sudhirkumar/Work/EverestCodingAssignment/EverestCodingAssignment/Tests/bin/Debug/net10.0/CourierService.Tests.dll" adapterTypeName="executor://xunit/VsTestRunner2/netcoreapp" className="CourierService.Tests.Infrastructure.Offers.OfferServiceTests" name="IsValidOffer_ReturnsExpectedResult" />
    </UnitTest>
    <UnitTest name="CourierService.Tests.Infrastructure.Offers.OfferServiceTests.IsValidOffer_ReturnsExpectedResult(offerCode: &quot;OFR001&quot;, distance: 150, weight: 100, expected: True)" storage="/users/sudhirkumar/work/everestcodingassignment/everestcodingassignment/tests/bin/debug/net10.0/courierservice.tests.dll" id="b81b7fdc-1e3d-3e7c-69ac-86a77ee8d4cd">
      <Execution id="a5be7d5d-d817-4f44-badc-0d27b2d4b02c" />
      <TestMethod codeBase="/Users/sudhirkumar/Work/EverestCodingAssignment/EverestCodingAssignment/Tests/bin/Debug/net10.0/CourierService.Tests.dll" adapterTypeName="executor://xunit/VsTestRunner2/netcoreapp" className="CourierService.Tests.Infrastructure.Offers.OfferServiceTests" name="IsValidOffer_ReturnsExpectedResult" />
    </UnitTest>
    <UnitTest name="CourierService.Tests.Integration.CourierServiceIntegrationTests.OfferService_Integration_CalculatesCorrectDiscount(offerCode: &quot;OFR001&quot;, distance: 150, weight: 100, deliveryCost: 1850, expectedDiscount: 185)" storage="/users/sudhirkumar/work/everestcodingassignment/everestcodingassignment/tests/bin/debug/net10.0/courierservice.tests.dll" id="7e8e7c4f-bd67-fbd6-e242-e256b3c24f77">
      <Execution id="6c0c1a3a-d5ff-46f2-bcf7-1b8d6eb79540" />
      <TestMethod codeBase="/Users/sudhirkumar/Work/EverestCodingAssignment/EverestCodingAssignment/Tests/bin/Debug/net10.0/CourierService.Tests.dll" adapterTypeName="executor://xunit/VsTestRunner2/netcoreapp" className="CourierService.Tests.Integration.CourierServiceIntegrationTests" name="OfferService_Integration_CalculatesCorrectDiscount" />
    </UnitTest>
    <UnitTest name="CourierService.Tests.Integration.CourierServiceIntegrationTests.OfferService_Integration_CalculatesCorrectDiscount(offerCode: &quot;OFR002&quot;, distance: 100, weight: 150, deliveryCost: 2100, expectedDiscount: 147)" storage="/users/sudhirkumar/work/everestcodingassignment/everestcodingassignment/tests/bin/debug/net10.0/courierservice.tests.dll" id="6a34fd55-56db-325f-5870-4187aba659a4">
      <Execution id="0ef72cf9-4965-48bf-8224-a65fb72e9e76" />
      <TestMethod codeBase="/Users/sudhirkumar/Work/EverestCodingAssignment/EverestCodingAssignment/Tests/bin/Debug/net10.0/CourierService.Tests.dll" adapterTypeName="executor://xunit/VsTestRunner2/netcoreapp" className="CourierService.Tests.Integration.CourierServiceIntegrationTests" name="OfferService_Integration_CalculatesCorrectDiscount" />
    </UnitTest>
    <UnitTest name="CourierService.Tests.Infrastructure.Parsers.InputParserTests.ParseDeliveryTimeInput_InvalidInput_ThrowsException(input: &quot;100 3 PKG1 5 5 OFR001 PKG2 15 5 2 70 200&quot;)" storage="/users/sudhirkumar/work/everestcodingassignment/everestcodingassignment/tests/bin/debug/net10.0/courierservice.tests.dll" id="8fde8a46-0494-9e78-95d9-18fa69ebd879">
      <Execution id="ca05c871-7c1f-4ac7-a2da-43e11baecd9b" />
[...]
    <TestEntry testId="c0e8b6bf-1219-d1ea-4a87-b16fc6bfd7e3" executionId="3eff1cd1-3478-4363-81d4-177cb1351282" testListId="8c84fa94-04c1-424b-9868-57a2d4851a1d" />
    <TestEntry testId="7be5fc82-4125-4cd1-cbaa-052f231baa0b" executionId="3a2e71dd-3fb0-4bc3-a266-9ec918abd771" testListId="8c84fa94-04c1-424b-9868-57a2d4851a1d" />
    <TestEntry testId="73927546-11f9-a4ae-f6dc-a21bbbb0df2a" executionId="08f3b2b5-49cc-466d-a823-228932a92d6a" testListId="8c84fa94-04c1-424b-9868-57a2d4851a1d" />
    <TestEntry testId="f7b5c4af-b631-4eff-441f-3b5391b755ca" executionId="b95bb200-afff-4c5a-8cf1-5e2c9ae6d29a" testListId="8c84fa94-04c1-424b-9868-57a2d4851a1d" />
    <TestEntry testId="1584547c-f32a-f367-029c-11f6f5cfed84" executionId="112731cc-5ef5-44c2-81f6-b32ff4e93ae0" testListId="8c84fa94-04c1-424b-9868-57a2d4851a1d" />
    <TestEntry testId="d69d3d28-21e5-2bec-fb4f-5938094ef0fc" executionId="5d68e665-40f0-4984-8cc8-ea82e25aa4aa" testListId="8c84fa94-04c1-424b-9868-57a2d4851a1d" />
    <TestEntry testId="ab60cf85-12f6-20bc-efc0-1e3dcbd628a9" executionId="1e989ab1-9a2c-4769-a57a-6357835537fe" testListId="8c84fa94-04c1-424b-9868-57a2d4851a1d" />
    <TestEntry testId="7667a18e-8b6c-abed-05fe-9ae4e2f46e1d" executionId="1099e9aa-56bd-44e6-8e98-9274d6afc715" testListId="8c84fa94-04c1-424b-9868-57a2d4851a1d" />
    <TestEntry testId="29f0fd2c-71fc-e407-dfea-d0f6c0162b38" executionId="d68e6030-cbc4-4adb-83a1-d261f0f17413" testListId="8c84fa94-04c1-424b-9868-57a2d4851a1d" />
    <TestEntry testId="4ca8a1ff-7e3d-2a1c-e933-119755ec5dfd" executionId="932bbc9c-2257-46e4-9bff-072f02294ef3" testListId="8c84fa94-04c1-424b-9868-57a2d4851a1d" />
    <TestEntry testId="2035af78-20ce-1aa1-0886-877e7cfc33e8" executionId="636066e7-ca30-4802-a054-24b60c60b38a" testListId="8c84fa94-04c1-424b-9868-57a2d4851a1d" />
    <TestEntry testId="b133ff53-1e9a-d884-d0a6-6827e23c5eff" executionId="c66e9ebd-c1a0-4c10-a0f7-52e8c96e6b40" testListId="8c84fa94-04c1-424b-9868-57a2d4851a1d" />
    <TestEntry testId="78ec343d-72ef-b483-2733-fef80fa5d534" executionId="781105d7-5560-4d13-be57-664eb265f3a3" testListId="8c84fa94-04c1-424b-9868-57a2d4851a1d" />
    <TestEntry testId="d2842dff-d71f-5ff5-dcf4-6f3ac6e9045e" executionId="a0270359-aa17-4cec-833f-41dd865cde0a" testListId="8c84fa94-04c1-424b-9868-57a2d4851a1d" />
    <TestEntry testId="c42be582-380a-fa31-d8b7-450a713a29c4" executionId="5d594a07-c801-4fc3-ab2c-44c98a4140b2" testListId="8c84fa94-04c1-424b-9868-57a2d4851a1d" />
    <TestEntry testId="e73d7f81-ede5-0486-c1fe-6362c3d78150" executionId="316736a6-92bc-45b3-acfe-64b15ef355ef" testListId="8c84fa94-04c1-424b-9868-57a2d4851a1d" />
    <TestEntry testId="f4717b04-3842-5b95-54a0-034796679f30" executionId="ad5febfe-12e3-4ab2-92d4-d5eccd3d2afa" testListId="8c84fa94-04c1-424b-9868-57a2d4851a1d" />
    <TestEntry testId="510291e9-41e8-b6f1-7337-30ef38e6d145" executionId="667d3a49-579a-4a6e-8f47-778968baa6ad" testListId="8c84fa94-04c1-424b-9868-57a2d4851a1d" />
    <TestEntry testId="b81b7fdc-1e3d-3e7c-69ac-86a77ee8d4cd" executionId="a5be7d5d-d817-4f44-badc-0d27b2d4b02c" testListId="8c84fa94-04c1-424b-9868-57a2d4851a1d" />
    <TestEntry testId="b2e9a9c1-0e65-e32f-15b2-b0d30298dac8" executionId="f91e866a-cc62-4c5f-ac4f-5fba5ba2ed10" testListId="8c84fa94-04c1-424b-9868-57a2d4851a1d" />
    <TestEntry testId="8c4732e1-a155-c002-d7d1-252072bb151b" executionId="02acb3a3-5ae0-4f2d-bea3-d7efa07b5677" testListId="8c84fa94-04c1-424b-9868-57a2d4851a1d" />
    <TestEntry testId="f8cad89d-8df9-053a-8b2b-9b1950f3e6f2" executionId="5f427825-87c2-467f-89d6-105aeca912e5" testListId="8c84fa94-04c1-424b-9868-57a2d4851a1d" />
    <TestEntry testId="ed8b879e-308d-97a0-7d6e-aae58bbc8120" executionId="1b4a885f-611c-4526-a796-de0ad70df7a0" testListId="8c84fa94-04c1-424b-9868-57a2d4851a1d" />
    <TestEntry testId="22e583be-938f-2b5c-ab9c-d302fc77fb35" executionId="c650f173-2edf-4610-80f6-3521fcba2ef1" testListId="8c84fa94-04c1-424b-9868-57a2d4851a1d" />
    <TestEntry testId="10ec3b42-1daa-8fd7-c4f8-06be9128d25e" executionId="5de74fba-90d5-4333-8be8-1bccb65ccaa4" testListId="8c84fa94-04c1-424b-9868-57a2d4851a1d" />
    <TestEntry testId="0a8b8626-6790-6512-4bb7-bc84c1f2950c" executionId="92bcc80d-360d-4c2f-80ad-07fd398b1989" testListId="8c84fa94-04c1-424b-9868-57a2d4851a1d" />
    <TestEntry testId="6b320c50-eaa8-7bce-bfb2-fd11f2382eed" executionId="6eed67ad-a3f4-433c-894f-c3c5704fb814" testListId="8c84fa94-04c1-424b-9868-57a2d4851a1d" />
    <TestEntry testId="c4c73cbc-bc55-2a8b-c825-c45f1cdea21f" executionId="b2d0f70e-f8e4-4a58-a541-4814b07440b9" testListId="8c84fa94-04c1-424b-9868-57a2d4851a1d" />
    <TestEntry testId="fda34c20-da32-cfae-a93e-4dc11179268a" executionId="aaf409a6-f9c1-49d6-b80b-4ab526b16917" testListId="8c84fa94-04c1-424b-9868-57a2d4851a1d" />
    <TestEntry testId="24b5a81e-b3c7-3791-d772-8d715ba9fcc0" executionId="84dbd9c3-e2f5-44a3-8542-28f731bfe1ed" testListId="8c84fa94-04c1-424b-9868-57a2d4851a1d" />
    <TestEntry testId="62126227-e549-3936-3f00-2665d020fc2f" executionId="3fd7651c-a79a-45d1-b012-7dde4513393d" testListId="8c84fa94-04c1-424b-9868-57a2d4851a1d" />
    <TestEntry testId="e0ab1f2f-02f4-8b0a-0638-a2582e3282f3" executionId="0a56d56d-1bc4-4f02-a308-9593a2db69c2" testListId="8c84fa94-04c1-424b-9868-57a2d4851a1d" />
    <TestEntry testId="8fde8a46-0494-9e78-95d9-18fa69ebd879" executionId="ca05c871-7c1f-4ac7-a2da-43e11baecd9b" testListId="8c84fa94-04c1-424b-9868-57a2d4851a1d" />
    <TestEntry testId="ff921944-9d3b-c159-5f16-9dde759e83ad" executionId="26770928-4381-4e07-9ebf-7ec57fbc96bb" testListId="8c84fa94-04c1-424b-9868-57a2d4851a1d" />
    <TestEntry testId="f2ddd3fa-4d40-8839-5632-409158772b91" executionId="89010624-5551-42f6-8736-acdf2dc23637" testListId="8c84fa94-04c1-424b-9868-57a2d4851a1d" />
    <TestEntry testId="c1042982-4b8a-b720-2bf5-da338a4352ab" executionId="be652411-3abe-4bb0-b4a3-01ec2eb9011c" testListId="8c84fa94-04c1-424b-9868-57a2d4851a1d" />
    <TestEntry testId="13ae1d82-a001-d181-659c-e09530252c9c" executionId="0a0b1578-4cd6-41ad-9a1c-de71721a1b1f" testListId="8c84fa94-04c1-424b-9868-57a2d4851a1d" />
    <TestEntry testId="0f38eb80-8d8e-8c21-092d-f05c4131cce5" executionId="844566b8-8f65-499b-9b2f-b73bdcfbd618" testListId="8c84fa94-04c1-424b-9868-57a2d4851a1d" />
    <TestEntry testId="685e654c-fdb7-25b3-e2b1-b24b5ea85de1" executionId="e0ed5ec0-1f07-4f1e-baef-eb84c3220ef7" testListId="8c84fa94-04c1-424b-9868-57a2d4851a1d" />
    <TestEntry testId="592c8293-06fa-e4bd-1c34-ac0754ec43af" executionId="8b79da9f-3f52-4ddc-afd3-be1a551777c7" testListId="8c84fa94-04c1-424b-9868-57a2d4851a1d" />
    <TestEntry testId="797939c2-c506-a20b-369e-585149ce72b7" executionId="8403c497-79e8-4bdf-8b81-9d4d76a912de" testListId="8c84fa94-04c1-424b-9868-57a2d4851a1d" />
    <TestEntry testId="683f517d-0de4-8934-67c5-490452695bc0" executionId="dfe71221-43d2-4aac-b8b0-4b1bd81bef45" testListId="8c84fa94-04c1-424b-9868-57a2d4851a1d" />
    <TestEntry testId="bd7939a1-4071-2c81-7473-56eb731dcebb" executionId="5cbfc480-66bf-4b54-a9de-ab0cd67bb70a" testListId="8c84fa94-04c1-424b-9868-57a2d4851a1d" />
    <TestEntry testId="6aad6691-715a-5c31-139f-6ee9db16debf" executionId="e622acf9-fc00-4d4a-bc4d-de4cc79b6de9" testListId="8c84fa94-04c1-424b-9868-57a2d4851a1d" />
  </TestEntries>
  <TestLists>
    <TestList name="Results Not in a List" id="8c84fa94-04c1-424b-9868-57a2d4851a1d" />
    <TestList name="All Loaded Results" id="19431567-8539-422a-85d7-44ee4e166bda" />
  </TestLists>
  <ResultSummary outcome="Failed">
    <Counters total="61" executed="61" passed="56" failed="5" error="0" timeout="0" aborted="0" inconclusive="0" passedButRunAborted="0" notRunnable="0" notExecuted="0" disconnected="0" warning="0" completed="0" inProgress="0" pending="0" />
    <Output>
      <StdOut>[xUnit.net 00:00:00.00] xUnit.net VSTest Adapter v2.8.2+699d445a1a (64-bit .NET 10.0.2)
[xUnit.net 00:00:00.03]   Discovering: CourierService.Tests
[xUnit.net 00:00:00.06]   Discovered:  CourierService.Tests
[xUnit.net 00:00:00.06]   Starting:    CourierService.Tests
[xUnit.net 00:00:00.10]       Assert.Throws() Failure: Exception type was not an exact match
[xUnit.net 00:00:00.10]       Expected: typeof(System.ArgumentException)
[xUnit.net 00:00:00.10]       Actual:   typeof(System.IndexOutOfRangeException)
[xUnit.net 00:00:00.10]       ---- System.IndexOutOfRangeException : Index was outside the bounds of the array.
[xUnit.net 00:00:00.10]       Stack Trace:
[xUnit.net 00:00:00.10]         /Users/sudhirkumar/Work/EverestCodingAssignment/EverestCodingAssignment/Tests/Infrastructure/Parsers/InputParserTests.cs(118,0): at CourierService.Tests.Infrastructure.Parsers.InputParserTests.ParseDeliveryTimeInput_InvalidInput_ThrowsException(String input)
[xUnit.net 00:00:00.10]            at InvokeStub_InputParserTests.ParseDeliveryTimeInput_InvalidInput_ThrowsException(Object, Span`1)
[xUnit.net 00:00:00.10]            at System.Reflection.MethodBaseInvoker.InvokeWithOneArg(Object obj, BindingFlags invokeAttr, Binder binder, Object[] parameters, CultureInfo culture)
[xUnit.net 00:00:00.10]         ----- Inner Stack Trace -----
[xUnit.net 00:00:00.10]         /Users/sudhirkumar/Work/EverestCodingAssignment/EverestCodingAssignment/CourierService/Infrastructure/Parsers/InputParser.cs(51,0): at CourierService.Infrastructure.Parsers.InputParser.ParseDeliveryTimeInput(String input)
[xUnit.net 00:00:00.10]         /Users/sudhirkumar/Work/EverestCodingAssignment/EverestCodingAssignment/Tests/Infrastructure/Parsers/InputParserTests.cs(118,0): at CourierService.Tests.Infrastructure.Parsers.InputParserTests.&lt;&gt;c__DisplayClass6_0.&lt;ParseDeliveryTimeInput_InvalidInput_ThrowsException&gt;b__0()
[xUnit.net 00:00:00.10]       System.InvalidOperationException : Unable to resolve service for type 'CourierService.Core.Services.Delivery.IDeliveryTimeCalculator' while attempting to activate 'CourierService.Core.Services.PackageProcessor'.
[xUnit.net 00:00:00.10]       Stack Trace:
[xUnit.net 00:00:00.10]            at Microsoft.Extensions.DependencyInjection.ServiceLookup.CallSiteFactory.CreateArgumentCallSites(ServiceIdentifier serviceIdentifier, Type implementationType, CallSiteChain callSiteChain, ParameterInfo[] parameters, Boolean throwIfCallSiteNotFound)
[xUnit.net 00:00:00.10]            at Microsoft.Extensions.DependencyInjection.ServiceLookup.CallSiteFactory.CreateConstructorCallSite(ResultCache lifetime, ServiceIdentifier serviceIdentifier, Type implementationType, CallSiteChain callSiteChain)
[xUnit.net 00:00:00.10]            at Microsoft.Extensions.DependencyInjection.ServiceLookup.CallSiteFactory.CreateExact(ServiceDescriptor descriptor, ServiceIdentifier serviceIdentifier, CallSiteChain callSiteChain, Int32 slot)
[xUnit.net 00:00:00.10]            at Microsoft.Extensions.DependencyInjection.ServiceLookup.CallSiteFactory.TryCreateExact(ServiceDescriptor descriptor, ServiceIdentifier serviceIdentifier, CallSiteChain callSiteChain, Int32 slot)
[xUnit.net 00:00:00.10]            at Microsoft.Extensions.DependencyInjection.ServiceLookup.CallSiteFactory.TryCreateExact(ServiceIdentifier serviceIdentifier, CallSiteChain callSiteChain)
[xUnit.net 00:00:00.10]            at Microsoft.Extensions.DependencyInjection.ServiceLookup.CallSiteFactory.CreateCallSite(ServiceIdentifier serviceIdentifier, CallSiteChain callSiteChain)
[xUnit.net 00:00:00.10]            at Microsoft.Extensions.DependencyInjection.ServiceLookup.CallSiteFactory.GetCallSite(ServiceIdentifier serviceIdentifier, CallSiteChain callSiteChain)
[xUnit.net 00:00:00.10]            at Microsoft.Extensions.DependencyInjection.ServiceProvider.CreateServiceAccessor(ServiceIdentifier serviceIdentifier)
[xUnit.net 00:00:00.10]            at System.Collections.Concurrent.ConcurrentDictionary`2.GetOrAdd(TKey key, Func`2 valueFactory)
[xUnit.net 00:00:00.10]            at Microsoft.Extensions.DependencyInjection.ServiceProvider.GetService(ServiceIdentifier serviceIdentifier, ServiceProviderEngineScope serviceProviderEngineScope)
[xUnit.net 00:00:00.10]            at Microsoft.Extensions.DependencyInjection.ServiceProvider.GetService(Type serviceType)
[xUnit.net 00:00:00.10]            at Microsoft.Extensions.DependencyInjection.ServiceProviderServiceExtensions.GetService[T](IServiceProvider provider)
[xUnit.net 00:00:00.10]         /Users/sudhirkumar/Work/EverestCodingAssignment/EverestCodingAssignment/Tests/Integration/CourierServiceIntegrationTests.cs(30,0): at CourierService.Tests.Integration.CourierServiceIntegrationTests.FullPipeline_DeliveryCostOnly_ReturnsCorrectResults()
[xUnit.net 00:00:00.10]            at System.Reflection.MethodBaseInvoker.InterpretedInvoke_Method(Object obj, IntPtr* args)
[xUnit.net 00:00:00.10]            at System.Reflection.MethodBaseInvoker.InvokeWithNoArgs(Object obj, BindingFlags invokeAttr)
[xUnit.net 00:00:00.10]       System.InvalidOperationException : Unable to resolve service for type 'CourierService.Core.Services.Delivery.IDeliveryTimeCalculator' while attempting to activate 'CourierService.Core.Services.PackageProcessor'.
[xUnit.net 00:00:00.10]       Stack Trace:
[xUnit.net 00:00:00.10]            at Microsoft.Extensions.DependencyInjection.ServiceLookup.CallSiteFactory.CreateArgumentCallSites(ServiceIdentifier serviceIdentifier, Type implementationType, CallSiteChain callSiteChain, ParameterInfo[] parameters, Boolean throwIfCallSiteNotFound)
[xUnit.net 00:00:00.10]            at Microsoft.Extensions.DependencyInjection.ServiceLookup.CallSiteFactory.CreateConstructorCallSite(ResultCache lifetime, ServiceIdentifier serviceIdentifier, Type implementationType, CallSiteChain callSiteChain)
[xUnit.net 00:00:00.10]            at Microsoft.Extensions.DependencyInjection.ServiceLookup.CallSiteFactory.CreateExact(ServiceDescriptor descriptor, ServiceIdentifier serviceIdentifier, CallSiteChain callSiteChain, Int32 slot)
[xUnit.net 00:00:00.10]            at Microsoft.Extensions.DependencyInjection.ServiceLookup.CallSiteFactory.TryCreateExact(ServiceDescriptor descriptor, ServiceIdentifier serviceIdentifier, CallSiteChain callSiteChain, Int32 slot)
[xUnit.net 00:00:00.10]            at Microsoft.Extensions.DependencyInjection.ServiceLookup.CallSiteFactory.TryCreateExact(ServiceIdentifier serviceIdentifier, CallSiteChain callSiteChain)
[xUnit.net 00:00:00.10]            at Microsoft.Extensions.DependencyInjection.ServiceLookup.CallSiteFactory.CreateCallSite(ServiceIdentifier serviceIdentifier, CallSiteChain callSiteChain)
[xUnit.net 00:00:00.10]            at Microsoft.Extensions.DependencyInjection.ServiceLookup.CallSiteFactory.GetCallSite(ServiceIdentifier serviceIdentifier, CallSiteChain callSiteChain)
[xUnit.net 00:00:00.10]            at Microsoft.Extensions.DependencyInjection.ServiceProvider.CreateServiceAccessor(ServiceIdentifier serviceIdentifier)
[xUnit.net 00:00:00.10]            at System.Collections.Concurrent.ConcurrentDictionary`2.GetOrAdd(TKey key, Func`2 valueFactory)
[xUnit.net 00:00:00.10]            at Microsoft.Extensions.DependencyInjection.ServiceProvider.GetService(ServiceIdentifier serviceIdentifier, ServiceProviderEngineScope serviceProviderEngineScope)
[xUnit.net 00:00:00.10]            at Microsoft.Extensions.DependencyInjection.ServiceProvider.GetService(Type serviceType)
[xUnit.net 00:00:00.10]            at Microsoft.Extensions.DependencyInjection.ServiceProviderServiceExtensions.GetService[T](IServiceProvider provider)
[xUnit.net 00:00:00.10]         /Users/sudhirkumar/Work/EverestCodingAssignment/EverestCodingAssignment/Tests/Integration/CourierServiceIntegrationTests.cs(58,0): at CourierService.Tests.Integration.CourierServiceIntegrationTests.FullPipeline_DeliveryCostWithDiscounts_ReturnsCorrectResults()
[xUnit.net 00:00:00.10]            at System.Reflection.MethodBaseInvoker.InterpretedInvoke_Method(Object obj, IntPtr* args)
[xUnit.net 00:00:00.10]            at System.Reflection.MethodBaseInvoker.InvokeWithNoArgs(Object obj, BindingFlags invokeAttr)
[xUnit.net 00:00:00.11]       Assert.Throws() Failure: Exception type was not an exact match
[xUnit.net 00:00:00.11]       Expected: typeof(System.ArgumentNullException)
[xUnit.net 00:00:00.11]       Actual:   typeof(System.NullReferenceException)
[xUnit.net 00:00:00.11]       ---- System.NullReferenceException : Object reference not set to an instance of an object.
[xUnit.net 00:00:00.11]       Stack Trace:
[xUnit.net 00:00:00.11]         /Users/sudhirkumar/Work/EverestCodingAssignment/EverestCodingAssignment/Tests/Core/Services/Delivery/DeliveryCostCalculatorTests.cs(105,0): at CourierService.Tests.Core.Services.Delivery.DeliveryCostCalculatorTests.CalculateDeliveryCost_ThrowsExceptionForNullPackage()
[xUnit.net 00:00:00.11]            at System.Reflection.MethodBaseInvoker.InterpretedInvoke_Method(Object obj, IntPtr* args)
[xUnit.net 00:00:00.11]            at System.Reflection.MethodBaseInvoker.InvokeWithNoArgs(Object obj, BindingFlags invokeAttr)
[xUnit.net 00:00:00.11]         ----- Inner Stack Trace -----
[xUnit.net 00:00:00.11]         /Users/sudhirkumar/Work/EverestCodingAssignment/EverestCodingAssignment/CourierService/Core/Services/Delivery/DeliveryCostCalculator.cs(18,0): at CourierService.Core.Services.Delivery.DeliveryCostCalculator.CalculateDeliveryCost(Package package)
[xUnit.net 00:00:00.11]         /Users/sudhirkumar/Work/EverestCodingAssignment/EverestCodingAssignment/Tests/Core/Services/Delivery/DeliveryCostCalculatorTests.cs(105,0): at CourierService.Tests.Core.Services.Delivery.DeliveryCostCalculatorTests.&lt;CalculateDeliveryCost_ThrowsExceptionForNullPackage&gt;b__6_0()
[xUnit.net 00:00:00.12]       System.ArgumentNullException : Value cannot be null. (Parameter 'collection')
[xUnit.net 00:00:00.12]       Stack Trace:
[xUnit.net 00:00:00.12]         /Users/sudhirkumar/Work/EverestCodingAssignment/EverestCodingAssignment/Tests/Core/Services/PackageProcessorTests.cs(110,0): at CourierService.Tests.Core.Services.PackageProcessorTests.ProcessPackagesWithDeliveryTime_EmptyList_ReturnsEmptyResults()
[xUnit.net 00:00:00.12]            at System.Reflection.MethodBaseInvoker.InterpretedInvoke_Method(Object obj, IntPtr* args)
[xUnit.net 00:00:00.12]            at System.Reflection.MethodBaseInvoker.InvokeWithNoArgs(Object obj, BindingFlags invokeAttr)
[xUnit.net 00:00:00.12]   Finished:    CourierService.Tests
</StdOut>
    </Output>
    <RunInfos>
      <RunInfo computerName="Sudhirs-MacBook-Pro" outcome="Error" timestamp="2026-01-24T18:09:14.0399810+05:30">
        <Text>[xUnit.net 00:00:00.10]     CourierService.Tests.Infrastructure.Parsers.InputParserTests.ParseDeliveryTimeInput_InvalidInput_ThrowsException(input: "100") [FAIL]</Text>
      </RunInfo>
      <RunInfo computerName="Sudhirs-MacBook-Pro" outcome="Error" timestamp="2026-01-24T18:09:14.0459400+05:30">
        <Text>[xUnit.net 00:00:00.10]     CourierService.Tests.Integration.CourierServiceIntegrationTests.FullPipeline_DeliveryCostOnly_ReturnsCorrectResults [FAIL]</Text>
      </RunInfo>
      <RunInfo computerName="Sudhirs-MacBook-Pro" outcome="Error" timestamp="2026-01-24T18:09:14.0460120+05:30">
        <Text>[xUnit.net 00:00:00.10]     CourierService.Tests.Integration.CourierServiceIntegrationTests.FullPipeline_DeliveryCostWithDiscounts_ReturnsCorrectResults [FAIL]</Text>
      </RunInfo>
      <RunInfo computerName="Sudhirs-MacBook-Pro" outcome="Error" timestamp="2026-01-24T18:09:14.0463030+05:30">
        <Text>[xUnit.net 00:00:00.11]     CourierService.Tests.Core.Services.Delivery.DeliveryCostCalculatorTests.CalculateDeliveryCost_ThrowsExceptionForNullPackage [FAIL]</Text>
      </RunInfo>
      <RunInfo computerName="Sudhirs-MacBook-Pro" outcome="Error" timestamp="2026-01-24T18:09:14.0463460+05:30">
        <Text>[xUnit.net 00:00:00.12]     CourierService.Tests.Core.Services.PackageProcessorTests.ProcessPackagesWithDeliveryTime_EmptyList_ReturnsEmptyResults [FAIL]</Text>
      </RunInfo>
    </RunInfos>
  </ResultSummary>
</TestRun>